{"C:\\Users\\Berhan\\Desktop\\social\\backend\\src\\app.controller.ts": {"path":"C:\\Users\\Berhan\\Desktop\\social\\backend\\src\\app.controller.ts","statementMap":{"0":{"start":{"line":1,"column":0},"end":{"line":1,"column":49}},"1":{"start":{"line":2,"column":0},"end":{"line":2,"column":43}},"2":{"start":{"line":5,"column":7},"end":{"line":17,"column":null}},"3":{"start":{"line":6,"column":31},"end":{"line":6,"column":43}},"4":{"start":{"line":10,"column":4},"end":{"line":10,"column":70}},"5":{"start":{"line":15,"column":4},"end":{"line":15,"column":38}},"6":{"start":{"line":5,"column":13},"end":{"line":5,"column":26}},"7":{"start":{"line":9,"column":2},"end":{"line":11,"column":null}},"8":{"start":{"line":14,"column":2},"end":{"line":16,"column":null}},"9":{"start":{"line":5,"column":13},"end":{"line":17,"column":null}}},"fnMap":{"0":{"name":"(anonymous_2)","decl":{"start":{"line":6,"column":2},"end":{"line":6,"column":31}},"loc":{"start":{"line":6,"column":53},"end":{"line":6,"column":57}}},"1":{"name":"(anonymous_3)","decl":{"start":{"line":9,"column":2},"end":{"line":9,"column":11}},"loc":{"start":{"line":9,"column":11},"end":{"line":11,"column":3}}},"2":{"name":"(anonymous_4)","decl":{"start":{"line":14,"column":2},"end":{"line":14,"column":10}},"loc":{"start":{"line":14,"column":10},"end":{"line":16,"column":3}}}},"branchMap":{"0":{"loc":{"start":{"line":6,"column":43},"end":{"line":6,"column":56}},"type":"cond-expr","locations":[{"start":{"line":6,"column":53},"end":{"line":6,"column":56}},{"start":{"line":6,"column":53},"end":{"line":6,"column":56}}]},"1":{"loc":{"start":{"line":6,"column":43},"end":{"line":6,"column":53}},"type":"binary-expr","locations":[{"start":{"line":6,"column":43},"end":{"line":6,"column":56}},{"start":{"line":6,"column":43},"end":{"line":6,"column":53}}]}},"s":{"0":1,"1":1,"2":1,"3":1,"4":0,"5":1,"6":1,"7":1,"8":1,"9":1},"f":{"0":1,"1":0,"2":1},"b":{"0":[1,0],"1":[1,1]}}
,"C:\\Users\\Berhan\\Desktop\\social\\backend\\src\\app.module.ts": {"path":"C:\\Users\\Berhan\\Desktop\\social\\backend\\src\\app.module.ts","statementMap":{"0":{"start":{"line":1,"column":0},"end":{"line":1,"column":40}},"1":{"start":{"line":2,"column":0},"end":{"line":2,"column":49}},"2":{"start":{"line":3,"column":0},"end":{"line":3,"column":43}},"3":{"start":{"line":4,"column":0},"end":{"line":4,"column":54}},"4":{"start":{"line":5,"column":0},"end":{"line":5,"column":60}},"5":{"start":{"line":6,"column":0},"end":{"line":6,"column":48}},"6":{"start":{"line":7,"column":0},"end":{"line":7,"column":51}},"7":{"start":{"line":8,"column":0},"end":{"line":8,"column":54}},"8":{"start":{"line":9,"column":0},"end":{"line":9,"column":57}},"9":{"start":{"line":10,"column":0},"end":{"line":10,"column":57}},"10":{"start":{"line":11,"column":0},"end":{"line":11,"column":54}},"11":{"start":{"line":12,"column":0},"end":{"line":12,"column":80}},"12":{"start":{"line":29,"column":7},"end":{"line":29,"column":null}},"13":{"start":{"line":29,"column":13},"end":{"line":29,"column":22}},"14":{"start":{"line":29,"column":13},"end":{"line":29,"column":null}}},"fnMap":{},"branchMap":{},"s":{"0":0,"1":0,"2":0,"3":0,"4":0,"5":0,"6":0,"7":0,"8":0,"9":0,"10":0,"11":0,"12":0,"13":0,"14":0},"f":{},"b":{}}
,"C:\\Users\\Berhan\\Desktop\\social\\backend\\src\\app.service.ts": {"path":"C:\\Users\\Berhan\\Desktop\\social\\backend\\src\\app.service.ts","statementMap":{"0":{"start":{"line":1,"column":0},"end":{"line":1,"column":44}},"1":{"start":{"line":4,"column":7},"end":{"line":8,"column":null}},"2":{"start":{"line":6,"column":4},"end":{"line":6,"column":26}},"3":{"start":{"line":4,"column":13},"end":{"line":4,"column":23}},"4":{"start":{"line":4,"column":13},"end":{"line":8,"column":null}}},"fnMap":{"0":{"name":"(anonymous_1)","decl":{"start":{"line":5,"column":2},"end":{"line":5,"column":10}},"loc":{"start":{"line":5,"column":10},"end":{"line":7,"column":3}}}},"branchMap":{},"s":{"0":1,"1":1,"2":1,"3":1,"4":1},"f":{"0":1},"b":{}}
,"C:\\Users\\Berhan\\Desktop\\social\\backend\\src\\main.ts": {"path":"C:\\Users\\Berhan\\Desktop\\social\\backend\\src\\main.ts","statementMap":{"0":{"start":{"line":1,"column":0},"end":{"line":1,"column":23}},"1":{"start":{"line":2,"column":0},"end":{"line":2,"column":43}},"2":{"start":{"line":3,"column":0},"end":{"line":3,"column":48}},"3":{"start":{"line":4,"column":0},"end":{"line":4,"column":41}},"4":{"start":{"line":5,"column":0},"end":{"line":5,"column":70}},"5":{"start":{"line":8,"column":14},"end":{"line":8,"column":49}},"6":{"start":{"line":10,"column":2},"end":{"line":16,"column":4}},"7":{"start":{"line":18,"column":2},"end":{"line":18,"column":50}},"8":{"start":{"line":20,"column":2},"end":{"line":24,"column":5}},"9":{"start":{"line":26,"column":2},"end":{"line":26,"column":29}},"10":{"start":{"line":28,"column":15},"end":{"line":28,"column":39}},"11":{"start":{"line":29,"column":2},"end":{"line":29,"column":25}},"12":{"start":{"line":30,"column":2},"end":{"line":30,"column":69}},"13":{"start":{"line":33,"column":0},"end":{"line":33,"column":17}}},"fnMap":{"0":{"name":"bootstrap","decl":{"start":{"line":7,"column":15},"end":{"line":7,"column":24}},"loc":{"start":{"line":7,"column":24},"end":{"line":31,"column":1}}}},"branchMap":{"0":{"loc":{"start":{"line":28,"column":15},"end":{"line":28,"column":39}},"type":"binary-expr","locations":[{"start":{"line":28,"column":15},"end":{"line":28,"column":31}},{"start":{"line":28,"column":35},"end":{"line":28,"column":39}}]}},"s":{"0":0,"1":0,"2":0,"3":0,"4":0,"5":0,"6":0,"7":0,"8":0,"9":0,"10":0,"11":0,"12":0,"13":0},"f":{"0":0},"b":{"0":[0,0]}}
,"C:\\Users\\Berhan\\Desktop\\social\\backend\\src\\auth\\auth.controller.ts": {"path":"C:\\Users\\Berhan\\Desktop\\social\\backend\\src\\auth\\auth.controller.ts","statementMap":{"0":{"start":{"line":1,"column":0},"end":{"line":1,"column":null}},"1":{"start":{"line":8,"column":0},"end":{"line":8,"column":45}},"2":{"start":{"line":9,"column":0},"end":{"line":9,"column":49}},"3":{"start":{"line":10,"column":0},"end":{"line":10,"column":43}},"4":{"start":{"line":13,"column":7},"end":{"line":35,"column":null}},"5":{"start":{"line":14,"column":22},"end":{"line":14,"column":35}},"6":{"start":{"line":18,"column":4},"end":{"line":18,"column":50}},"7":{"start":{"line":23,"column":4},"end":{"line":23,"column":44}},"8":{"start":{"line":28,"column":4},"end":{"line":30,"column":5}},"9":{"start":{"line":29,"column":6},"end":{"line":29,"column":59}},"10":{"start":{"line":33,"column":4},"end":{"line":33,"column":37}},"11":{"start":{"line":13,"column":13},"end":{"line":13,"column":27}},"12":{"start":{"line":17,"column":8},"end":{"line":19,"column":null}},"13":{"start":{"line":22,"column":8},"end":{"line":24,"column":null}},"14":{"start":{"line":27,"column":8},"end":{"line":34,"column":null}},"15":{"start":{"line":13,"column":13},"end":{"line":35,"column":null}}},"fnMap":{"0":{"name":"(anonymous_4)","decl":{"start":{"line":14,"column":2},"end":{"line":14,"column":22}},"loc":{"start":{"line":14,"column":46},"end":{"line":14,"column":50}}},"1":{"name":"(anonymous_5)","decl":{"start":{"line":17,"column":8},"end":{"line":17,"column":16}},"loc":{"start":{"line":17,"column":49},"end":{"line":19,"column":3}}},"2":{"name":"(anonymous_6)","decl":{"start":{"line":22,"column":8},"end":{"line":22,"column":13}},"loc":{"start":{"line":22,"column":40},"end":{"line":24,"column":3}}},"3":{"name":"(anonymous_7)","decl":{"start":{"line":27,"column":8},"end":{"line":27,"column":14}},"loc":{"start":{"line":27,"column":59},"end":{"line":34,"column":3}}}},"branchMap":{"0":{"loc":{"start":{"line":28,"column":4},"end":{"line":30,"column":5}},"type":"if","locations":[{"start":{"line":28,"column":4},"end":{"line":30,"column":5}},{"start":{},"end":{}}]},"1":{"loc":{"start":{"line":28,"column":8},"end":{"line":28,"column":56}},"type":"binary-expr","locations":[{"start":{"line":28,"column":8},"end":{"line":28,"column":19}},{"start":{"line":28,"column":23},"end":{"line":28,"column":56}}]},"2":{"loc":{"start":{"line":17,"column":38},"end":{"line":17,"column":null}},"type":"cond-expr","locations":[{"start":{"line":17,"column":49},"end":{"line":17,"column":null}},{"start":{"line":17,"column":49},"end":{"line":17,"column":null}}]},"3":{"loc":{"start":{"line":17,"column":38},"end":{"line":17,"column":49}},"type":"binary-expr","locations":[{"start":{"line":17,"column":38},"end":{"line":17,"column":null}},{"start":{"line":17,"column":38},"end":{"line":17,"column":49}}]},"4":{"loc":{"start":{"line":22,"column":32},"end":{"line":22,"column":null}},"type":"cond-expr","locations":[{"start":{"line":22,"column":40},"end":{"line":22,"column":null}},{"start":{"line":22,"column":40},"end":{"line":22,"column":null}}]},"5":{"loc":{"start":{"line":22,"column":32},"end":{"line":22,"column":40}},"type":"binary-expr","locations":[{"start":{"line":22,"column":32},"end":{"line":22,"column":null}},{"start":{"line":22,"column":32},"end":{"line":22,"column":40}}]},"6":{"loc":{"start":{"line":14,"column":35},"end":{"line":14,"column":49}},"type":"cond-expr","locations":[{"start":{"line":14,"column":46},"end":{"line":14,"column":49}},{"start":{"line":14,"column":46},"end":{"line":14,"column":49}}]},"7":{"loc":{"start":{"line":14,"column":35},"end":{"line":14,"column":46}},"type":"binary-expr","locations":[{"start":{"line":14,"column":35},"end":{"line":14,"column":49}},{"start":{"line":14,"column":35},"end":{"line":14,"column":46}}]}},"s":{"0":0,"1":0,"2":0,"3":0,"4":0,"5":0,"6":0,"7":0,"8":0,"9":0,"10":0,"11":0,"12":0,"13":0,"14":0,"15":0},"f":{"0":0,"1":0,"2":0,"3":0},"b":{"0":[0,0],"1":[0,0],"2":[0,0],"3":[0,0],"4":[0,0],"5":[0,0],"6":[0,0],"7":[0,0]}}
,"C:\\Users\\Berhan\\Desktop\\social\\backend\\src\\auth\\auth.module.ts": {"path":"C:\\Users\\Berhan\\Desktop\\social\\backend\\src\\auth\\auth.module.ts","statementMap":{"0":{"start":{"line":1,"column":0},"end":{"line":1,"column":40}},"1":{"start":{"line":2,"column":0},"end":{"line":2,"column":51}},"2":{"start":{"line":3,"column":0},"end":{"line":3,"column":45}},"3":{"start":{"line":4,"column":0},"end":{"line":4,"column":61}},"4":{"start":{"line":5,"column":0},"end":{"line":5,"column":55}},"5":{"start":{"line":13,"column":7},"end":{"line":13,"column":null}},"6":{"start":{"line":13,"column":13},"end":{"line":13,"column":23}},"7":{"start":{"line":13,"column":13},"end":{"line":13,"column":null}}},"fnMap":{},"branchMap":{},"s":{"0":0,"1":0,"2":0,"3":0,"4":0,"5":0,"6":0,"7":0},"f":{},"b":{}}
,"C:\\Users\\Berhan\\Desktop\\social\\backend\\src\\auth\\auth.service.ts": {"path":"C:\\Users\\Berhan\\Desktop\\social\\backend\\src\\auth\\auth.service.ts","statementMap":{"0":{"start":{"line":1,"column":0},"end":{"line":1,"column":null}},"1":{"start":{"line":6,"column":0},"end":{"line":6,"column":63}},"2":{"start":{"line":7,"column":0},"end":{"line":7,"column":57}},"3":{"start":{"line":12,"column":7},"end":{"line":108,"column":null}},"4":{"start":{"line":14,"column":12},"end":{"line":14,"column":29}},"5":{"start":{"line":15,"column":12},"end":{"line":15,"column":27}},"6":{"start":{"line":19,"column":42},"end":{"line":19,"column":53}},"7":{"start":{"line":21,"column":28},"end":{"line":24,"column":6}},"8":{"start":{"line":26,"column":4},"end":{"line":28,"column":5}},"9":{"start":{"line":27,"column":6},"end":{"line":27,"column":51}},"10":{"start":{"line":30,"column":4},"end":{"line":32,"column":5}},"11":{"start":{"line":31,"column":6},"end":{"line":31,"column":61}},"12":{"start":{"line":34,"column":17},"end":{"line":40,"column":6}},"13":{"start":{"line":42,"column":4},"end":{"line":49,"column":6}},"14":{"start":{"line":53,"column":32},"end":{"line":53,"column":40}},"15":{"start":{"line":56,"column":6},"end":{"line":59,"column":8}},"16":{"start":{"line":61,"column":4},"end":{"line":63,"column":5}},"17":{"start":{"line":62,"column":6},"end":{"line":62,"column":53}},"18":{"start":{"line":65,"column":4},"end":{"line":67,"column":5}},"19":{"start":{"line":66,"column":6},"end":{"line":66,"column":61}},"20":{"start":{"line":69,"column":17},"end":{"line":71,"column":6}},"21":{"start":{"line":73,"column":4},"end":{"line":75,"column":5}},"22":{"start":{"line":74,"column":6},"end":{"line":74,"column":56}},"23":{"start":{"line":77,"column":4},"end":{"line":85,"column":6}},"24":{"start":{"line":89,"column":22},"end":{"line":89,"column":70}},"25":{"start":{"line":91,"column":4},"end":{"line":93,"column":5}},"26":{"start":{"line":92,"column":6},"end":{"line":92,"column":51}},"27":{"start":{"line":95,"column":4},"end":{"line":95,"column":50}},"28":{"start":{"line":100,"column":6},"end":{"line":100,"column":59}},"29":{"start":{"line":102,"column":4},"end":{"line":104,"column":5}},"30":{"start":{"line":103,"column":6},"end":{"line":103,"column":53}},"31":{"start":{"line":106,"column":4},"end":{"line":106,"column":21}},"32":{"start":{"line":12,"column":13},"end":{"line":12,"column":24}},"33":{"start":{"line":12,"column":13},"end":{"line":108,"column":null}}},"fnMap":{"0":{"name":"(anonymous_2)","decl":{"start":{"line":13,"column":2},"end":{"line":13,"column":null}},"loc":{"start":{"line":15,"column":40},"end":{"line":16,"column":6}}},"1":{"name":"(anonymous_3)","decl":{"start":{"line":18,"column":2},"end":{"line":18,"column":7}},"loc":{"start":{"line":18,"column":41},"end":{"line":50,"column":3}}},"2":{"name":"(anonymous_4)","decl":{"start":{"line":52,"column":2},"end":{"line":52,"column":7}},"loc":{"start":{"line":52,"column":32},"end":{"line":86,"column":3}}},"3":{"name":"(anonymous_5)","decl":{"start":{"line":88,"column":2},"end":{"line":88,"column":7}},"loc":{"start":{"line":88,"column":14},"end":{"line":96,"column":3}}},"4":{"name":"(anonymous_6)","decl":{"start":{"line":98,"column":2},"end":{"line":98,"column":7}},"loc":{"start":{"line":98,"column":35},"end":{"line":107,"column":3}}}},"branchMap":{"0":{"loc":{"start":{"line":26,"column":4},"end":{"line":28,"column":5}},"type":"if","locations":[{"start":{"line":26,"column":4},"end":{"line":28,"column":5}},{"start":{},"end":{}}]},"1":{"loc":{"start":{"line":30,"column":4},"end":{"line":32,"column":5}},"type":"if","locations":[{"start":{"line":30,"column":4},"end":{"line":32,"column":5}},{"start":{},"end":{}}]},"2":{"loc":{"start":{"line":61,"column":4},"end":{"line":63,"column":5}},"type":"if","locations":[{"start":{"line":61,"column":4},"end":{"line":63,"column":5}},{"start":{},"end":{}}]},"3":{"loc":{"start":{"line":65,"column":4},"end":{"line":67,"column":5}},"type":"if","locations":[{"start":{"line":65,"column":4},"end":{"line":67,"column":5}},{"start":{},"end":{}}]},"4":{"loc":{"start":{"line":73,"column":4},"end":{"line":75,"column":5}},"type":"if","locations":[{"start":{"line":73,"column":4},"end":{"line":75,"column":5}},{"start":{},"end":{}}]},"5":{"loc":{"start":{"line":91,"column":4},"end":{"line":93,"column":5}},"type":"if","locations":[{"start":{"line":91,"column":4},"end":{"line":93,"column":5}},{"start":{},"end":{}}]},"6":{"loc":{"start":{"line":102,"column":4},"end":{"line":104,"column":5}},"type":"if","locations":[{"start":{"line":102,"column":4},"end":{"line":104,"column":5}},{"start":{},"end":{}}]},"7":{"loc":{"start":{"line":14,"column":29},"end":{"line":14,"column":null}},"type":"cond-expr","locations":[{"start":{"line":14,"column":44},"end":{"line":14,"column":null}},{"start":{"line":14,"column":44},"end":{"line":14,"column":null}}]},"8":{"loc":{"start":{"line":14,"column":29},"end":{"line":14,"column":44}},"type":"binary-expr","locations":[{"start":{"line":14,"column":29},"end":{"line":14,"column":null}},{"start":{"line":14,"column":29},"end":{"line":14,"column":44}}]},"9":{"loc":{"start":{"line":14,"column":44},"end":{"line":15,"column":null}},"type":"cond-expr","locations":[{"start":{"line":15,"column":40},"end":{"line":15,"column":null}},{"start":{"line":15,"column":40},"end":{"line":15,"column":null}}]},"10":{"loc":{"start":{"line":14,"column":44},"end":{"line":15,"column":40}},"type":"binary-expr","locations":[{"start":{"line":14,"column":44},"end":{"line":15,"column":null}},{"start":{"line":15,"column":27},"end":{"line":15,"column":40}}]}},"s":{"0":4,"1":4,"2":4,"3":4,"4":11,"5":11,"6":3,"7":3,"8":3,"9":1,"10":2,"11":1,"12":1,"13":1,"14":4,"15":4,"16":4,"17":1,"18":3,"19":1,"20":2,"21":2,"22":1,"23":1,"24":2,"25":2,"26":1,"27":1,"28":2,"29":2,"30":1,"31":1,"32":4,"33":4},"f":{"0":11,"1":3,"2":4,"3":2,"4":2},"b":{"0":[1,2],"1":[1,1],"2":[1,3],"3":[1,2],"4":[1,1],"5":[1,1],"6":[1,1],"7":[4,0],"8":[4,4],"9":[4,0],"10":[4,4]}}
,"C:\\Users\\Berhan\\Desktop\\social\\backend\\src\\auth\\dto\\login.dto.ts": {"path":"C:\\Users\\Berhan\\Desktop\\social\\backend\\src\\auth\\dto\\login.dto.ts","statementMap":{"0":{"start":{"line":1,"column":0},"end":{"line":1,"column":52}},"1":{"start":{"line":3,"column":0},"end":{"line":3,"column":13}},"2":{"start":{"line":5,"column":2},"end":{"line":5,"column":null}},"3":{"start":{"line":8,"column":2},"end":{"line":8,"column":null}}},"fnMap":{},"branchMap":{},"s":{"0":0,"1":0,"2":0,"3":0},"f":{},"b":{}}
,"C:\\Users\\Berhan\\Desktop\\social\\backend\\src\\auth\\dto\\register.dto.ts": {"path":"C:\\Users\\Berhan\\Desktop\\social\\backend\\src\\auth\\dto\\register.dto.ts","statementMap":{"0":{"start":{"line":1,"column":0},"end":{"line":1,"column":63}},"1":{"start":{"line":3,"column":0},"end":{"line":3,"column":13}},"2":{"start":{"line":5,"column":2},"end":{"line":5,"column":null}},"3":{"start":{"line":9,"column":2},"end":{"line":9,"column":null}},"4":{"start":{"line":12,"column":2},"end":{"line":12,"column":null}}},"fnMap":{},"branchMap":{},"s":{"0":0,"1":0,"2":0,"3":0,"4":0},"f":{},"b":{}}
,"C:\\Users\\Berhan\\Desktop\\social\\backend\\src\\auth\\guards\\auth.guard.ts": {"path":"C:\\Users\\Berhan\\Desktop\\social\\backend\\src\\auth\\guards\\auth.guard.ts","statementMap":{"0":{"start":{"line":1,"column":0},"end":{"line":1,"column":null}},"1":{"start":{"line":7,"column":0},"end":{"line":7,"column":46}},"2":{"start":{"line":10,"column":7},"end":{"line":33,"column":null}},"3":{"start":{"line":11,"column":22},"end":{"line":11,"column":35}},"4":{"start":{"line":14,"column":20},"end":{"line":16,"column":76}},"5":{"start":{"line":17,"column":23},"end":{"line":17,"column":52}},"6":{"start":{"line":19,"column":4},"end":{"line":21,"column":5}},"7":{"start":{"line":20,"column":6},"end":{"line":20,"column":59}},"8":{"start":{"line":23,"column":18},"end":{"line":23,"column":51}},"9":{"start":{"line":25,"column":4},"end":{"line":31,"column":5}},"10":{"start":{"line":26,"column":19},"end":{"line":26,"column":62}},"11":{"start":{"line":27,"column":6},"end":{"line":27,"column":26}},"12":{"start":{"line":28,"column":6},"end":{"line":28,"column":18}},"13":{"start":{"line":30,"column":6},"end":{"line":30,"column":55}},"14":{"start":{"line":10,"column":13},"end":{"line":10,"column":22}},"15":{"start":{"line":10,"column":13},"end":{"line":33,"column":null}}},"fnMap":{"0":{"name":"(anonymous_2)","decl":{"start":{"line":11,"column":2},"end":{"line":11,"column":22}},"loc":{"start":{"line":11,"column":46},"end":{"line":11,"column":50}}},"1":{"name":"(anonymous_3)","decl":{"start":{"line":13,"column":2},"end":{"line":13,"column":7}},"loc":{"start":{"line":13,"column":45},"end":{"line":32,"column":3}}}},"branchMap":{"0":{"loc":{"start":{"line":19,"column":4},"end":{"line":21,"column":5}},"type":"if","locations":[{"start":{"line":19,"column":4},"end":{"line":21,"column":5}},{"start":{},"end":{}}]},"1":{"loc":{"start":{"line":19,"column":8},"end":{"line":19,"column":56}},"type":"binary-expr","locations":[{"start":{"line":19,"column":8},"end":{"line":19,"column":19}},{"start":{"line":19,"column":23},"end":{"line":19,"column":56}}]},"2":{"loc":{"start":{"line":11,"column":35},"end":{"line":11,"column":49}},"type":"cond-expr","locations":[{"start":{"line":11,"column":46},"end":{"line":11,"column":49}},{"start":{"line":11,"column":46},"end":{"line":11,"column":49}}]},"3":{"loc":{"start":{"line":11,"column":35},"end":{"line":11,"column":46}},"type":"binary-expr","locations":[{"start":{"line":11,"column":35},"end":{"line":11,"column":49}},{"start":{"line":11,"column":35},"end":{"line":11,"column":46}}]}},"s":{"0":2,"1":2,"2":2,"3":0,"4":0,"5":0,"6":0,"7":0,"8":0,"9":0,"10":0,"11":0,"12":0,"13":0,"14":2,"15":2},"f":{"0":0,"1":0},"b":{"0":[0,0],"1":[0,0],"2":[2,0],"3":[2,2]}}
,"C:\\Users\\Berhan\\Desktop\\social\\backend\\src\\daily-questions\\daily-questions.controller.ts": {"path":"C:\\Users\\Berhan\\Desktop\\social\\backend\\src\\daily-questions\\daily-questions.controller.ts","statementMap":{"0":{"start":{"line":1,"column":0},"end":{"line":1,"column":null}},"1":{"start":{"line":13,"column":0},"end":{"line":13,"column":54}},"2":{"start":{"line":14,"column":0},"end":{"line":14,"column":66}},"3":{"start":{"line":15,"column":0},"end":{"line":15,"column":73}},"4":{"start":{"line":16,"column":0},"end":{"line":16,"column":58}},"5":{"start":{"line":17,"column":0},"end":{"line":17,"column":null}},"6":{"start":{"line":24,"column":7},"end":{"line":142,"column":null}},"7":{"start":{"line":25,"column":31},"end":{"line":25,"column":54}},"8":{"start":{"line":32,"column":19},"end":{"line":32,"column":31}},"9":{"start":{"line":34,"column":4},"end":{"line":36,"column":5}},"10":{"start":{"line":35,"column":6},"end":{"line":35,"column":76}},"11":{"start":{"line":38,"column":4},"end":{"line":42,"column":5}},"12":{"start":{"line":39,"column":6},"end":{"line":39,"column":44}},"13":{"start":{"line":41,"column":6},"end":{"line":41,"column":70}},"14":{"start":{"line":44,"column":4},"end":{"line":47,"column":6}},"15":{"start":{"line":56,"column":19},"end":{"line":56,"column":31}},"16":{"start":{"line":58,"column":4},"end":{"line":60,"column":5}},"17":{"start":{"line":59,"column":6},"end":{"line":59,"column":76}},"18":{"start":{"line":62,"column":20},"end":{"line":62,"column":37}},"19":{"start":{"line":63,"column":24},"end":{"line":63,"column":46}},"20":{"start":{"line":65,"column":4},"end":{"line":68,"column":6}},"21":{"start":{"line":73,"column":4},"end":{"line":73,"column":67}},"22":{"start":{"line":81,"column":19},"end":{"line":81,"column":31}},"23":{"start":{"line":83,"column":4},"end":{"line":85,"column":5}},"24":{"start":{"line":84,"column":6},"end":{"line":84,"column":76}},"25":{"start":{"line":87,"column":4},"end":{"line":91,"column":5}},"26":{"start":{"line":88,"column":6},"end":{"line":88,"column":37}},"27":{"start":{"line":90,"column":6},"end":{"line":90,"column":62}},"28":{"start":{"line":93,"column":4},"end":{"line":96,"column":6}},"29":{"start":{"line":105,"column":19},"end":{"line":105,"column":31}},"30":{"start":{"line":107,"column":4},"end":{"line":109,"column":5}},"31":{"start":{"line":108,"column":6},"end":{"line":108,"column":76}},"32":{"start":{"line":111,"column":20},"end":{"line":111,"column":37}},"33":{"start":{"line":112,"column":24},"end":{"line":112,"column":46}},"34":{"start":{"line":114,"column":4},"end":{"line":118,"column":6}},"35":{"start":{"line":127,"column":19},"end":{"line":127,"column":31}},"36":{"start":{"line":129,"column":4},"end":{"line":131,"column":5}},"37":{"start":{"line":130,"column":6},"end":{"line":130,"column":76}},"38":{"start":{"line":133,"column":20},"end":{"line":133,"column":37}},"39":{"start":{"line":134,"column":24},"end":{"line":134,"column":46}},"40":{"start":{"line":136,"column":4},"end":{"line":140,"column":6}},"41":{"start":{"line":24,"column":13},"end":{"line":24,"column":37}},"42":{"start":{"line":28,"column":8},"end":{"line":48,"column":null}},"43":{"start":{"line":51,"column":8},"end":{"line":69,"column":null}},"44":{"start":{"line":72,"column":8},"end":{"line":74,"column":null}},"45":{"start":{"line":77,"column":8},"end":{"line":97,"column":null}},"46":{"start":{"line":100,"column":8},"end":{"line":119,"column":null}},"47":{"start":{"line":122,"column":8},"end":{"line":141,"column":null}},"48":{"start":{"line":24,"column":13},"end":{"line":142,"column":null}}},"fnMap":{"0":{"name":"(anonymous_4)","decl":{"start":{"line":25,"column":2},"end":{"line":25,"column":31}},"loc":{"start":{"line":25,"column":75},"end":{"line":25,"column":79}}},"1":{"name":"(anonymous_5)","decl":{"start":{"line":28,"column":8},"end":{"line":28,"column":27}},"loc":{"start":{"line":30,"column":40},"end":{"line":48,"column":3}}},"2":{"name":"(anonymous_6)","decl":{"start":{"line":51,"column":8},"end":{"line":51,"column":26}},"loc":{"start":{"line":54,"column":38},"end":{"line":69,"column":3}}},"3":{"name":"(anonymous_7)","decl":{"start":{"line":72,"column":8},"end":{"line":72,"column":24}},"loc":{"start":{"line":72,"column":24},"end":{"line":74,"column":3}}},"4":{"name":"(anonymous_8)","decl":{"start":{"line":77,"column":8},"end":{"line":77,"column":28}},"loc":{"start":{"line":79,"column":33},"end":{"line":97,"column":3}}},"5":{"name":"(anonymous_9)","decl":{"start":{"line":100,"column":8},"end":{"line":100,"column":21}},"loc":{"start":{"line":103,"column":38},"end":{"line":119,"column":3}}},"6":{"name":"(anonymous_10)","decl":{"start":{"line":122,"column":8},"end":{"line":122,"column":26}},"loc":{"start":{"line":125,"column":38},"end":{"line":141,"column":3}}}},"branchMap":{"0":{"loc":{"start":{"line":34,"column":4},"end":{"line":36,"column":5}},"type":"if","locations":[{"start":{"line":34,"column":4},"end":{"line":36,"column":5}},{"start":{},"end":{}}]},"1":{"loc":{"start":{"line":53,"column":19},"end":{"line":53,"column":29}},"type":"default-arg","locations":[{"start":{"line":53,"column":26},"end":{"line":53,"column":29}}]},"2":{"loc":{"start":{"line":54,"column":23},"end":{"line":54,"column":38}},"type":"default-arg","locations":[{"start":{"line":54,"column":34},"end":{"line":54,"column":38}}]},"3":{"loc":{"start":{"line":58,"column":4},"end":{"line":60,"column":5}},"type":"if","locations":[{"start":{"line":58,"column":4},"end":{"line":60,"column":5}},{"start":{},"end":{}}]},"4":{"loc":{"start":{"line":62,"column":20},"end":{"line":62,"column":37}},"type":"binary-expr","locations":[{"start":{"line":62,"column":20},"end":{"line":62,"column":32}},{"start":{"line":62,"column":36},"end":{"line":62,"column":37}}]},"5":{"loc":{"start":{"line":63,"column":24},"end":{"line":63,"column":46}},"type":"binary-expr","locations":[{"start":{"line":63,"column":24},"end":{"line":63,"column":40}},{"start":{"line":63,"column":44},"end":{"line":63,"column":46}}]},"6":{"loc":{"start":{"line":83,"column":4},"end":{"line":85,"column":5}},"type":"if","locations":[{"start":{"line":83,"column":4},"end":{"line":85,"column":5}},{"start":{},"end":{}}]},"7":{"loc":{"start":{"line":102,"column":19},"end":{"line":102,"column":29}},"type":"default-arg","locations":[{"start":{"line":102,"column":26},"end":{"line":102,"column":29}}]},"8":{"loc":{"start":{"line":103,"column":23},"end":{"line":103,"column":38}},"type":"default-arg","locations":[{"start":{"line":103,"column":34},"end":{"line":103,"column":38}}]},"9":{"loc":{"start":{"line":107,"column":4},"end":{"line":109,"column":5}},"type":"if","locations":[{"start":{"line":107,"column":4},"end":{"line":109,"column":5}},{"start":{},"end":{}}]},"10":{"loc":{"start":{"line":111,"column":20},"end":{"line":111,"column":37}},"type":"binary-expr","locations":[{"start":{"line":111,"column":20},"end":{"line":111,"column":32}},{"start":{"line":111,"column":36},"end":{"line":111,"column":37}}]},"11":{"loc":{"start":{"line":112,"column":24},"end":{"line":112,"column":46}},"type":"binary-expr","locations":[{"start":{"line":112,"column":24},"end":{"line":112,"column":40}},{"start":{"line":112,"column":44},"end":{"line":112,"column":46}}]},"12":{"loc":{"start":{"line":124,"column":19},"end":{"line":124,"column":29}},"type":"default-arg","locations":[{"start":{"line":124,"column":26},"end":{"line":124,"column":29}}]},"13":{"loc":{"start":{"line":125,"column":23},"end":{"line":125,"column":38}},"type":"default-arg","locations":[{"start":{"line":125,"column":34},"end":{"line":125,"column":38}}]},"14":{"loc":{"start":{"line":129,"column":4},"end":{"line":131,"column":5}},"type":"if","locations":[{"start":{"line":129,"column":4},"end":{"line":131,"column":5}},{"start":{},"end":{}}]},"15":{"loc":{"start":{"line":133,"column":20},"end":{"line":133,"column":37}},"type":"binary-expr","locations":[{"start":{"line":133,"column":20},"end":{"line":133,"column":32}},{"start":{"line":133,"column":36},"end":{"line":133,"column":37}}]},"16":{"loc":{"start":{"line":134,"column":24},"end":{"line":134,"column":46}},"type":"binary-expr","locations":[{"start":{"line":134,"column":24},"end":{"line":134,"column":40}},{"start":{"line":134,"column":44},"end":{"line":134,"column":46}}]},"17":{"loc":{"start":{"line":30,"column":18},"end":{"line":30,"column":null}},"type":"cond-expr","locations":[{"start":{"line":30,"column":40},"end":{"line":30,"column":null}},{"start":{"line":30,"column":40},"end":{"line":30,"column":null}}]},"18":{"loc":{"start":{"line":30,"column":18},"end":{"line":30,"column":40}},"type":"binary-expr","locations":[{"start":{"line":30,"column":18},"end":{"line":30,"column":null}},{"start":{"line":30,"column":18},"end":{"line":30,"column":40}}]},"19":{"loc":{"start":{"line":79,"column":18},"end":{"line":79,"column":null}},"type":"cond-expr","locations":[{"start":{"line":79,"column":33},"end":{"line":79,"column":null}},{"start":{"line":79,"column":33},"end":{"line":79,"column":null}}]},"20":{"loc":{"start":{"line":79,"column":18},"end":{"line":79,"column":33}},"type":"binary-expr","locations":[{"start":{"line":79,"column":18},"end":{"line":79,"column":null}},{"start":{"line":79,"column":18},"end":{"line":79,"column":33}}]},"21":{"loc":{"start":{"line":25,"column":54},"end":{"line":25,"column":78}},"type":"cond-expr","locations":[{"start":{"line":25,"column":75},"end":{"line":25,"column":78}},{"start":{"line":25,"column":75},"end":{"line":25,"column":78}}]},"22":{"loc":{"start":{"line":25,"column":54},"end":{"line":25,"column":75}},"type":"binary-expr","locations":[{"start":{"line":25,"column":54},"end":{"line":25,"column":78}},{"start":{"line":25,"column":54},"end":{"line":25,"column":75}}]}},"s":{"0":1,"1":1,"2":1,"3":1,"4":1,"5":1,"6":1,"7":1,"8":0,"9":0,"10":0,"11":0,"12":0,"13":0,"14":0,"15":0,"16":0,"17":0,"18":0,"19":0,"20":0,"21":0,"22":0,"23":0,"24":0,"25":0,"26":0,"27":0,"28":0,"29":0,"30":0,"31":0,"32":0,"33":0,"34":0,"35":0,"36":0,"37":0,"38":0,"39":0,"40":0,"41":1,"42":1,"43":1,"44":1,"45":1,"46":1,"47":1,"48":1},"f":{"0":1,"1":0,"2":0,"3":0,"4":0,"5":0,"6":0},"b":{"0":[0,0],"1":[0],"2":[0],"3":[0,0],"4":[0,0],"5":[0,0],"6":[0,0],"7":[0],"8":[0],"9":[0,0],"10":[0,0],"11":[0,0],"12":[0],"13":[0],"14":[0,0],"15":[0,0],"16":[0,0],"17":[1,0],"18":[1,1],"19":[1,0],"20":[1,1],"21":[1,0],"22":[1,1]}}
,"C:\\Users\\Berhan\\Desktop\\social\\backend\\src\\daily-questions\\daily-questions.module.ts": {"path":"C:\\Users\\Berhan\\Desktop\\social\\backend\\src\\daily-questions\\daily-questions.module.ts","statementMap":{"0":{"start":{"line":1,"column":0},"end":{"line":1,"column":40}},"1":{"start":{"line":2,"column":0},"end":{"line":2,"column":55}},"2":{"start":{"line":3,"column":0},"end":{"line":3,"column":49}},"3":{"start":{"line":4,"column":0},"end":{"line":4,"column":72}},"4":{"start":{"line":5,"column":0},"end":{"line":5,"column":66}},"5":{"start":{"line":6,"column":0},"end":{"line":6,"column":72}},"6":{"start":{"line":13,"column":7},"end":{"line":13,"column":null}},"7":{"start":{"line":13,"column":13},"end":{"line":13,"column":33}},"8":{"start":{"line":13,"column":13},"end":{"line":13,"column":null}}},"fnMap":{},"branchMap":{},"s":{"0":0,"1":0,"2":0,"3":0,"4":0,"5":0,"6":0,"7":0,"8":0},"f":{},"b":{}}
,"C:\\Users\\Berhan\\Desktop\\social\\backend\\src\\daily-questions\\daily-questions.repository.ts": {"path":"C:\\Users\\Berhan\\Desktop\\social\\backend\\src\\daily-questions\\daily-questions.repository.ts","statementMap":{"0":{"start":{"line":1,"column":0},"end":{"line":1,"column":44}},"1":{"start":{"line":2,"column":0},"end":{"line":2,"column":57}},"2":{"start":{"line":5,"column":7},"end":{"line":114,"column":null}},"3":{"start":{"line":6,"column":22},"end":{"line":6,"column":30}},"4":{"start":{"line":9,"column":4},"end":{"line":14,"column":7}},"5":{"start":{"line":18,"column":4},"end":{"line":22,"column":7}},"6":{"start":{"line":26,"column":23},"end":{"line":27,"column":null}},"7":{"start":{"line":29,"column":21},"end":{"line":29,"column":41}},"8":{"start":{"line":30,"column":4},"end":{"line":30,"column":51}},"9":{"start":{"line":32,"column":4},"end":{"line":40,"column":7}},"10":{"start":{"line":48,"column":4},"end":{"line":63,"column":7}},"11":{"start":{"line":67,"column":4},"end":{"line":75,"column":7}},"12":{"start":{"line":84,"column":24},"end":{"line":89,"column":6}},"13":{"start":{"line":91,"column":22},"end":{"line":92,"column":null}},"14":{"start":{"line":92,"column":6},"end":{"line":92,"column":70}},"15":{"start":{"line":95,"column":4},"end":{"line":97,"column":5}},"16":{"start":{"line":96,"column":6},"end":{"line":96,"column":16}},"17":{"start":{"line":99,"column":4},"end":{"line":112,"column":7}},"18":{"start":{"line":5,"column":13},"end":{"line":5,"column":37}},"19":{"start":{"line":5,"column":13},"end":{"line":114,"column":null}}},"fnMap":{"0":{"name":"(anonymous_2)","decl":{"start":{"line":6,"column":2},"end":{"line":6,"column":22}},"loc":{"start":{"line":6,"column":43},"end":{"line":6,"column":47}}},"1":{"name":"(anonymous_3)","decl":{"start":{"line":8,"column":2},"end":{"line":8,"column":7}},"loc":{"start":{"line":8,"column":68},"end":{"line":15,"column":3}}},"2":{"name":"(anonymous_4)","decl":{"start":{"line":17,"column":2},"end":{"line":17,"column":7}},"loc":{"start":{"line":17,"column":53},"end":{"line":23,"column":3}}},"3":{"name":"(anonymous_5)","decl":{"start":{"line":25,"column":2},"end":{"line":25,"column":7}},"loc":{"start":{"line":25,"column":39},"end":{"line":41,"column":3}}},"4":{"name":"(anonymous_6)","decl":{"start":{"line":43,"column":2},"end":{"line":43,"column":7}},"loc":{"start":{"line":46,"column":22},"end":{"line":64,"column":3}}},"5":{"name":"(anonymous_7)","decl":{"start":{"line":66,"column":2},"end":{"line":66,"column":7}},"loc":{"start":{"line":66,"column":66},"end":{"line":76,"column":3}}},"6":{"name":"(anonymous_8)","decl":{"start":{"line":78,"column":2},"end":{"line":78,"column":7}},"loc":{"start":{"line":82,"column":16},"end":{"line":113,"column":3}}},"7":{"name":"(anonymous_9)","decl":{"start":{"line":91,"column":38},"end":{"line":91,"column":39}},"loc":{"start":{"line":92,"column":6},"end":{"line":92,"column":70}}}},"branchMap":{"0":{"loc":{"start":{"line":92,"column":6},"end":{"line":92,"column":70}},"type":"cond-expr","locations":[{"start":{"line":92,"column":39},"end":{"line":92,"column":53}},{"start":{"line":92,"column":56},"end":{"line":92,"column":70}}]},"1":{"loc":{"start":{"line":95,"column":4},"end":{"line":97,"column":5}},"type":"if","locations":[{"start":{"line":95,"column":4},"end":{"line":97,"column":5}},{"start":{},"end":{}}]},"2":{"loc":{"start":{"line":6,"column":30},"end":{"line":6,"column":46}},"type":"cond-expr","locations":[{"start":{"line":6,"column":43},"end":{"line":6,"column":46}},{"start":{"line":6,"column":43},"end":{"line":6,"column":46}}]},"3":{"loc":{"start":{"line":6,"column":30},"end":{"line":6,"column":43}},"type":"binary-expr","locations":[{"start":{"line":6,"column":30},"end":{"line":6,"column":46}},{"start":{"line":6,"column":30},"end":{"line":6,"column":43}}]}},"s":{"0":2,"1":2,"2":2,"3":0,"4":0,"5":0,"6":0,"7":0,"8":0,"9":0,"10":0,"11":0,"12":0,"13":0,"14":0,"15":0,"16":0,"17":0,"18":2,"19":2},"f":{"0":0,"1":0,"2":0,"3":0,"4":0,"5":0,"6":0,"7":0},"b":{"0":[0,0],"1":[0,0],"2":[2,0],"3":[2,2]}}
,"C:\\Users\\Berhan\\Desktop\\social\\backend\\src\\daily-questions\\daily-questions.schemas.ts": {"path":"C:\\Users\\Berhan\\Desktop\\social\\backend\\src\\daily-questions\\daily-questions.schemas.ts","statementMap":{"0":{"start":{"line":1,"column":0},"end":{"line":1,"column":24}},"1":{"start":{"line":3,"column":13},"end":{"line":6,"column":3}},"2":{"start":{"line":8,"column":13},"end":{"line":10,"column":3}}},"fnMap":{},"branchMap":{},"s":{"0":1,"1":1,"2":1},"f":{},"b":{}}
,"C:\\Users\\Berhan\\Desktop\\social\\backend\\src\\daily-questions\\daily-questions.service.ts": {"path":"C:\\Users\\Berhan\\Desktop\\social\\backend\\src\\daily-questions\\daily-questions.service.ts","statementMap":{"0":{"start":{"line":1,"column":0},"end":{"line":1,"column":null}},"1":{"start":{"line":6,"column":0},"end":{"line":6,"column":72}},"2":{"start":{"line":9,"column":7},"end":{"line":110,"column":null}},"3":{"start":{"line":11,"column":21},"end":{"line":11,"column":47}},"4":{"start":{"line":15,"column":17},"end":{"line":15,"column":39}},"5":{"start":{"line":17,"column":4},"end":{"line":19,"column":5}},"6":{"start":{"line":18,"column":6},"end":{"line":18,"column":60}},"7":{"start":{"line":21,"column":4},"end":{"line":28,"column":5}},"8":{"start":{"line":22,"column":6},"end":{"line":25,"column":8}},"9":{"start":{"line":27,"column":6},"end":{"line":27,"column":71}},"10":{"start":{"line":32,"column":17},"end":{"line":32,"column":25}},"11":{"start":{"line":33,"column":17},"end":{"line":33,"column":38}},"12":{"start":{"line":35,"column":4},"end":{"line":35,"column":72}},"13":{"start":{"line":39,"column":21},"end":{"line":40,"column":null}},"14":{"start":{"line":43,"column":4},"end":{"line":45,"column":5}},"15":{"start":{"line":44,"column":6},"end":{"line":44,"column":65}},"16":{"start":{"line":47,"column":4},"end":{"line":47,"column":20}},"17":{"start":{"line":51,"column":26},"end":{"line":51,"column":65}},"18":{"start":{"line":53,"column":4},"end":{"line":57,"column":6}},"19":{"start":{"line":61,"column":17},"end":{"line":61,"column":25}},"20":{"start":{"line":62,"column":17},"end":{"line":62,"column":38}},"21":{"start":{"line":64,"column":20},"end":{"line":67,"column":null}},"22":{"start":{"line":70,"column":4},"end":{"line":79,"column":8}},"23":{"start":{"line":70,"column":36},"end":{"line":79,"column":6}},"24":{"start":{"line":87,"column":26},"end":{"line":87,"column":65}},"25":{"start":{"line":88,"column":17},"end":{"line":88,"column":25}},"26":{"start":{"line":89,"column":17},"end":{"line":89,"column":38}},"27":{"start":{"line":92,"column":6},"end":{"line":96,"column":null}},"28":{"start":{"line":99,"column":4},"end":{"line":108,"column":8}},"29":{"start":{"line":99,"column":36},"end":{"line":108,"column":6}},"30":{"start":{"line":9,"column":13},"end":{"line":9,"column":34}},"31":{"start":{"line":9,"column":13},"end":{"line":110,"column":null}}},"fnMap":{"0":{"name":"(anonymous_2)","decl":{"start":{"line":10,"column":2},"end":{"line":10,"column":null}},"loc":{"start":{"line":11,"column":71},"end":{"line":12,"column":6}}},"1":{"name":"(anonymous_3)","decl":{"start":{"line":14,"column":2},"end":{"line":14,"column":7}},"loc":{"start":{"line":14,"column":70},"end":{"line":29,"column":3}}},"2":{"name":"(anonymous_4)","decl":{"start":{"line":31,"column":2},"end":{"line":31,"column":7}},"loc":{"start":{"line":31,"column":57},"end":{"line":36,"column":3}}},"3":{"name":"(anonymous_5)","decl":{"start":{"line":38,"column":2},"end":{"line":38,"column":7}},"loc":{"start":{"line":38,"column":34},"end":{"line":48,"column":3}}},"4":{"name":"(anonymous_6)","decl":{"start":{"line":50,"column":2},"end":{"line":50,"column":7}},"loc":{"start":{"line":50,"column":63},"end":{"line":58,"column":3}}},"5":{"name":"(anonymous_7)","decl":{"start":{"line":60,"column":2},"end":{"line":60,"column":7}},"loc":{"start":{"line":60,"column":68},"end":{"line":80,"column":3}}},"6":{"name":"(anonymous_8)","decl":{"start":{"line":70,"column":23},"end":{"line":70,"column":24}},"loc":{"start":{"line":70,"column":36},"end":{"line":79,"column":6}}},"7":{"name":"(anonymous_9)","decl":{"start":{"line":82,"column":2},"end":{"line":82,"column":7}},"loc":{"start":{"line":85,"column":20},"end":{"line":109,"column":3}}},"8":{"name":"(anonymous_10)","decl":{"start":{"line":99,"column":23},"end":{"line":99,"column":24}},"loc":{"start":{"line":99,"column":36},"end":{"line":108,"column":6}}}},"branchMap":{"0":{"loc":{"start":{"line":17,"column":4},"end":{"line":19,"column":5}},"type":"if","locations":[{"start":{"line":17,"column":4},"end":{"line":19,"column":5}},{"start":{},"end":{}}]},"1":{"loc":{"start":{"line":43,"column":4},"end":{"line":45,"column":5}},"type":"if","locations":[{"start":{"line":43,"column":4},"end":{"line":45,"column":5}},{"start":{},"end":{}}]},"2":{"loc":{"start":{"line":11,"column":47},"end":{"line":11,"column":null}},"type":"cond-expr","locations":[{"start":{"line":11,"column":71},"end":{"line":11,"column":null}},{"start":{"line":11,"column":71},"end":{"line":11,"column":null}}]},"3":{"loc":{"start":{"line":11,"column":47},"end":{"line":11,"column":71}},"type":"binary-expr","locations":[{"start":{"line":11,"column":47},"end":{"line":11,"column":null}},{"start":{"line":11,"column":47},"end":{"line":11,"column":71}}]}},"s":{"0":2,"1":2,"2":2,"3":2,"4":0,"5":0,"6":0,"7":0,"8":0,"9":0,"10":0,"11":0,"12":0,"13":1,"14":1,"15":0,"16":1,"17":1,"18":1,"19":0,"20":0,"21":0,"22":0,"23":0,"24":0,"25":0,"26":0,"27":0,"28":0,"29":0,"30":2,"31":2},"f":{"0":2,"1":0,"2":0,"3":1,"4":1,"5":0,"6":0,"7":0,"8":0},"b":{"0":[0,0],"1":[0,1],"2":[2,0],"3":[2,2]}}
,"C:\\Users\\Berhan\\Desktop\\social\\backend\\src\\daily-questions\\dto\\create-daily-question.dto.ts": {"path":"C:\\Users\\Berhan\\Desktop\\social\\backend\\src\\daily-questions\\dto\\create-daily-question.dto.ts","statementMap":{"0":{"start":{"line":1,"column":0},"end":{"line":1,"column":57}},"1":{"start":{"line":3,"column":0},"end":{"line":3,"column":13}},"2":{"start":{"line":5,"column":2},"end":{"line":5,"column":null}},"3":{"start":{"line":8,"column":2},"end":{"line":8,"column":null}}},"fnMap":{},"branchMap":{},"s":{"0":1,"1":1,"2":1,"3":1},"f":{},"b":{}}
,"C:\\Users\\Berhan\\Desktop\\social\\backend\\src\\daily-questions\\dto\\submit-answer.dto.ts": {"path":"C:\\Users\\Berhan\\Desktop\\social\\backend\\src\\daily-questions\\dto\\submit-answer.dto.ts","statementMap":{"0":{"start":{"line":1,"column":0},"end":{"line":1,"column":43}},"1":{"start":{"line":3,"column":0},"end":{"line":3,"column":13}},"2":{"start":{"line":5,"column":2},"end":{"line":5,"column":null}}},"fnMap":{},"branchMap":{},"s":{"0":1,"1":1,"2":1},"f":{},"b":{}}
,"C:\\Users\\Berhan\\Desktop\\social\\backend\\src\\events\\events.gateway.ts": {"path":"C:\\Users\\Berhan\\Desktop\\social\\backend\\src\\events\\events.gateway.ts","statementMap":{"0":{"start":{"line":1,"column":0},"end":{"line":1,"column":null}},"1":{"start":{"line":11,"column":0},"end":{"line":11,"column":43}},"2":{"start":{"line":12,"column":0},"end":{"line":12,"column":43}},"3":{"start":{"line":13,"column":0},"end":{"line":13,"column":53}},"4":{"start":{"line":14,"column":0},"end":{"line":14,"column":57}},"5":{"start":{"line":30,"column":7},"end":{"line":116,"column":null}},"6":{"start":{"line":31,"column":22},"end":{"line":31,"column":30}},"7":{"start":{"line":37,"column":4},"end":{"line":37,"column":50}},"8":{"start":{"line":41,"column":4},"end":{"line":41,"column":53}},"9":{"start":{"line":50,"column":24},"end":{"line":50,"column":28}},"10":{"start":{"line":51,"column":4},"end":{"line":51,"column":41}},"11":{"start":{"line":52,"column":4},"end":{"line":52,"column":67}},"12":{"start":{"line":53,"column":4},"end":{"line":53,"column":50}},"13":{"start":{"line":62,"column":24},"end":{"line":62,"column":28}},"14":{"start":{"line":63,"column":4},"end":{"line":63,"column":42}},"15":{"start":{"line":64,"column":4},"end":{"line":64,"column":65}},"16":{"start":{"line":65,"column":4},"end":{"line":65,"column":48}},"17":{"start":{"line":74,"column":33},"end":{"line":74,"column":37}},"18":{"start":{"line":75,"column":19},"end":{"line":75,"column":34}},"19":{"start":{"line":77,"column":4},"end":{"line":79,"column":5}},"20":{"start":{"line":78,"column":6},"end":{"line":78,"column":44}},"21":{"start":{"line":81,"column":18},"end":{"line":83,"column":6}},"22":{"start":{"line":85,"column":4},"end":{"line":89,"column":5}},"23":{"start":{"line":86,"column":6},"end":{"line":88,"column":8}},"24":{"start":{"line":91,"column":20},"end":{"line":97,"column":6}},"25":{"start":{"line":99,"column":4},"end":{"line":99,"column":67}},"26":{"start":{"line":100,"column":4},"end":{"line":100,"column":51}},"27":{"start":{"line":109,"column":34},"end":{"line":109,"column":38}},"28":{"start":{"line":110,"column":4},"end":{"line":113,"column":7}},"29":{"start":{"line":114,"column":4},"end":{"line":114,"column":43}},"30":{"start":{"line":30,"column":13},"end":{"line":30,"column":26}},"31":{"start":{"line":34,"column":2},"end":{"line":34,"column":null}},"32":{"start":{"line":46,"column":2},"end":{"line":54,"column":null}},"33":{"start":{"line":58,"column":2},"end":{"line":66,"column":null}},"34":{"start":{"line":70,"column":8},"end":{"line":101,"column":null}},"35":{"start":{"line":105,"column":2},"end":{"line":115,"column":null}},"36":{"start":{"line":30,"column":13},"end":{"line":116,"column":null}}},"fnMap":{"0":{"name":"(anonymous_4)","decl":{"start":{"line":31,"column":2},"end":{"line":31,"column":22}},"loc":{"start":{"line":31,"column":43},"end":{"line":31,"column":47}}},"1":{"name":"(anonymous_5)","decl":{"start":{"line":36,"column":2},"end":{"line":36,"column":18}},"loc":{"start":{"line":36,"column":33},"end":{"line":38,"column":3}}},"2":{"name":"(anonymous_6)","decl":{"start":{"line":40,"column":2},"end":{"line":40,"column":18}},"loc":{"start":{"line":40,"column":33},"end":{"line":42,"column":3}}},"3":{"name":"(anonymous_7)","decl":{"start":{"line":46,"column":2},"end":{"line":46,"column":17}},"loc":{"start":{"line":48,"column":44},"end":{"line":54,"column":3}}},"4":{"name":"(anonymous_8)","decl":{"start":{"line":58,"column":2},"end":{"line":58,"column":18}},"loc":{"start":{"line":60,"column":44},"end":{"line":66,"column":3}}},"5":{"name":"(anonymous_9)","decl":{"start":{"line":70,"column":8},"end":{"line":70,"column":21}},"loc":{"start":{"line":72,"column":61},"end":{"line":101,"column":3}}},"6":{"name":"(anonymous_10)","decl":{"start":{"line":105,"column":2},"end":{"line":105,"column":14}},"loc":{"start":{"line":107,"column":63},"end":{"line":115,"column":3}}}},"branchMap":{"0":{"loc":{"start":{"line":77,"column":4},"end":{"line":79,"column":5}},"type":"if","locations":[{"start":{"line":77,"column":4},"end":{"line":79,"column":5}},{"start":{},"end":{}}]},"1":{"loc":{"start":{"line":85,"column":4},"end":{"line":89,"column":5}},"type":"if","locations":[{"start":{"line":85,"column":4},"end":{"line":89,"column":5}},{"start":{},"end":{}}]},"2":{"loc":{"start":{"line":85,"column":8},"end":{"line":85,"column":76}},"type":"binary-expr","locations":[{"start":{"line":85,"column":8},"end":{"line":85,"column":14}},{"start":{"line":85,"column":19},"end":{"line":85,"column":45}},{"start":{"line":85,"column":49},"end":{"line":85,"column":75}}]},"3":{"loc":{"start":{"line":34,"column":10},"end":{"line":34,"column":17}},"type":"cond-expr","locations":[{"start":{"line":34,"column":16},"end":{"line":34,"column":17}},{"start":{"line":34,"column":16},"end":{"line":34,"column":17}}]},"4":{"loc":{"start":{"line":34,"column":10},"end":{"line":34,"column":16}},"type":"binary-expr","locations":[{"start":{"line":34,"column":10},"end":{"line":34,"column":17}},{"start":{"line":34,"column":10},"end":{"line":34,"column":16}}]},"5":{"loc":{"start":{"line":47,"column":31},"end":{"line":47,"column":null}},"type":"cond-expr","locations":[{"start":{"line":47,"column":37},"end":{"line":47,"column":null}},{"start":{"line":47,"column":37},"end":{"line":47,"column":null}}]},"6":{"loc":{"start":{"line":47,"column":31},"end":{"line":47,"column":37}},"type":"binary-expr","locations":[{"start":{"line":47,"column":31},"end":{"line":47,"column":null}},{"start":{"line":47,"column":31},"end":{"line":47,"column":37}}]},"7":{"loc":{"start":{"line":59,"column":31},"end":{"line":59,"column":null}},"type":"cond-expr","locations":[{"start":{"line":59,"column":37},"end":{"line":59,"column":null}},{"start":{"line":59,"column":37},"end":{"line":59,"column":null}}]},"8":{"loc":{"start":{"line":59,"column":31},"end":{"line":59,"column":37}},"type":"binary-expr","locations":[{"start":{"line":59,"column":31},"end":{"line":59,"column":null}},{"start":{"line":59,"column":31},"end":{"line":59,"column":37}}]},"9":{"loc":{"start":{"line":71,"column":31},"end":{"line":71,"column":null}},"type":"cond-expr","locations":[{"start":{"line":71,"column":37},"end":{"line":71,"column":null}},{"start":{"line":71,"column":37},"end":{"line":71,"column":null}}]},"10":{"loc":{"start":{"line":71,"column":31},"end":{"line":71,"column":37}},"type":"binary-expr","locations":[{"start":{"line":71,"column":31},"end":{"line":71,"column":null}},{"start":{"line":71,"column":31},"end":{"line":71,"column":37}}]},"11":{"loc":{"start":{"line":106,"column":31},"end":{"line":106,"column":null}},"type":"cond-expr","locations":[{"start":{"line":106,"column":37},"end":{"line":106,"column":null}},{"start":{"line":106,"column":37},"end":{"line":106,"column":null}}]},"12":{"loc":{"start":{"line":106,"column":31},"end":{"line":106,"column":37}},"type":"binary-expr","locations":[{"start":{"line":106,"column":31},"end":{"line":106,"column":null}},{"start":{"line":106,"column":31},"end":{"line":106,"column":37}}]},"13":{"loc":{"start":{"line":31,"column":30},"end":{"line":31,"column":46}},"type":"cond-expr","locations":[{"start":{"line":31,"column":43},"end":{"line":31,"column":46}},{"start":{"line":31,"column":43},"end":{"line":31,"column":46}}]},"14":{"loc":{"start":{"line":31,"column":30},"end":{"line":31,"column":43}},"type":"binary-expr","locations":[{"start":{"line":31,"column":30},"end":{"line":31,"column":46}},{"start":{"line":31,"column":30},"end":{"line":31,"column":43}}]}},"s":{"0":1,"1":1,"2":1,"3":1,"4":1,"5":1,"6":2,"7":0,"8":0,"9":0,"10":0,"11":0,"12":0,"13":0,"14":0,"15":0,"16":0,"17":2,"18":2,"19":2,"20":0,"21":2,"22":2,"23":1,"24":1,"25":1,"26":1,"27":0,"28":0,"29":0,"30":1,"31":1,"32":1,"33":1,"34":1,"35":1,"36":1},"f":{"0":2,"1":0,"2":0,"3":0,"4":0,"5":2,"6":0},"b":{"0":[0,2],"1":[1,1],"2":[2,2,1],"3":[1,0],"4":[1,1],"5":[1,0],"6":[1,1],"7":[1,0],"8":[1,1],"9":[1,0],"10":[1,1],"11":[1,0],"12":[1,1],"13":[1,0],"14":[1,1]}}
,"C:\\Users\\Berhan\\Desktop\\social\\backend\\src\\events\\events.module.ts": {"path":"C:\\Users\\Berhan\\Desktop\\social\\backend\\src\\events\\events.module.ts","statementMap":{"0":{"start":{"line":1,"column":0},"end":{"line":1,"column":40}},"1":{"start":{"line":2,"column":0},"end":{"line":2,"column":49}},"2":{"start":{"line":3,"column":0},"end":{"line":3,"column":49}},"3":{"start":{"line":10,"column":7},"end":{"line":10,"column":null}},"4":{"start":{"line":10,"column":13},"end":{"line":10,"column":25}},"5":{"start":{"line":10,"column":13},"end":{"line":10,"column":null}}},"fnMap":{},"branchMap":{},"s":{"0":0,"1":0,"2":0,"3":0,"4":0,"5":0},"f":{},"b":{}}
,"C:\\Users\\Berhan\\Desktop\\social\\backend\\src\\events\\guards\\ws-auth.guard.ts": {"path":"C:\\Users\\Berhan\\Desktop\\social\\backend\\src\\events\\guards\\ws-auth.guard.ts","statementMap":{"0":{"start":{"line":1,"column":0},"end":{"line":1,"column":null}},"1":{"start":{"line":7,"column":0},"end":{"line":7,"column":54}},"2":{"start":{"line":10,"column":7},"end":{"line":37,"column":null}},"3":{"start":{"line":11,"column":22},"end":{"line":11,"column":35}},"4":{"start":{"line":14,"column":19},"end":{"line":14,"column":null}},"5":{"start":{"line":22,"column":6},"end":{"line":23,"column":68}},"6":{"start":{"line":25,"column":4},"end":{"line":27,"column":5}},"7":{"start":{"line":26,"column":6},"end":{"line":26,"column":59}},"8":{"start":{"line":29,"column":4},"end":{"line":35,"column":5}},"9":{"start":{"line":30,"column":19},"end":{"line":30,"column":62}},"10":{"start":{"line":31,"column":6},"end":{"line":31,"column":25}},"11":{"start":{"line":32,"column":6},"end":{"line":32,"column":18}},"12":{"start":{"line":34,"column":6},"end":{"line":34,"column":55}},"13":{"start":{"line":10,"column":13},"end":{"line":10,"column":24}},"14":{"start":{"line":10,"column":13},"end":{"line":37,"column":null}}},"fnMap":{"0":{"name":"(anonymous_2)","decl":{"start":{"line":11,"column":2},"end":{"line":11,"column":22}},"loc":{"start":{"line":11,"column":46},"end":{"line":11,"column":50}}},"1":{"name":"(anonymous_3)","decl":{"start":{"line":13,"column":2},"end":{"line":13,"column":7}},"loc":{"start":{"line":13,"column":45},"end":{"line":36,"column":3}}}},"branchMap":{"0":{"loc":{"start":{"line":22,"column":6},"end":{"line":23,"column":68}},"type":"binary-expr","locations":[{"start":{"line":22,"column":6},"end":{"line":22,"column":33}},{"start":{"line":23,"column":6},"end":{"line":23,"column":68}}]},"1":{"loc":{"start":{"line":25,"column":4},"end":{"line":27,"column":5}},"type":"if","locations":[{"start":{"line":25,"column":4},"end":{"line":27,"column":5}},{"start":{},"end":{}}]},"2":{"loc":{"start":{"line":11,"column":35},"end":{"line":11,"column":49}},"type":"cond-expr","locations":[{"start":{"line":11,"column":46},"end":{"line":11,"column":49}},{"start":{"line":11,"column":46},"end":{"line":11,"column":49}}]},"3":{"loc":{"start":{"line":11,"column":35},"end":{"line":11,"column":46}},"type":"binary-expr","locations":[{"start":{"line":11,"column":35},"end":{"line":11,"column":49}},{"start":{"line":11,"column":35},"end":{"line":11,"column":46}}]}},"s":{"0":1,"1":1,"2":1,"3":0,"4":0,"5":0,"6":0,"7":0,"8":0,"9":0,"10":0,"11":0,"12":0,"13":1,"14":1},"f":{"0":0,"1":0},"b":{"0":[0,0],"1":[0,0],"2":[1,0],"3":[1,1]}}
,"C:\\Users\\Berhan\\Desktop\\social\\backend\\src\\filters\\all-exceptions.filter.ts": {"path":"C:\\Users\\Berhan\\Desktop\\social\\backend\\src\\filters\\all-exceptions.filter.ts","statementMap":{"0":{"start":{"line":1,"column":0},"end":{"line":1,"column":null}},"1":{"start":{"line":11,"column":7},"end":{"line":49,"column":null}},"2":{"start":{"line":13,"column":16},"end":{"line":13,"column":35}},"3":{"start":{"line":14,"column":21},"end":{"line":14,"column":48}},"4":{"start":{"line":17,"column":6},"end":{"line":19,"column":42}},"5":{"start":{"line":23,"column":4},"end":{"line":39,"column":5}},"6":{"start":{"line":24,"column":23},"end":{"line":24,"column":46}},"7":{"start":{"line":25,"column":6},"end":{"line":36,"column":7}},"8":{"start":{"line":26,"column":8},"end":{"line":26,"column":27}},"9":{"start":{"line":27,"column":13},"end":{"line":36,"column":7}},"10":{"start":{"line":33,"column":8},"end":{"line":33,"column":60}},"11":{"start":{"line":35,"column":8},"end":{"line":35,"column":38}},"12":{"start":{"line":38,"column":6},"end":{"line":38,"column":40}},"13":{"start":{"line":41,"column":4},"end":{"line":41,"column":43}},"14":{"start":{"line":43,"column":4},"end":{"line":47,"column":7}},"15":{"start":{"line":11,"column":13},"end":{"line":11,"column":32}},"16":{"start":{"line":11,"column":13},"end":{"line":49,"column":null}}},"fnMap":{"0":{"name":"(anonymous_1)","decl":{"start":{"line":12,"column":2},"end":{"line":12,"column":7}},"loc":{"start":{"line":12,"column":47},"end":{"line":48,"column":3}}}},"branchMap":{"0":{"loc":{"start":{"line":17,"column":6},"end":{"line":19,"column":42}},"type":"cond-expr","locations":[{"start":{"line":18,"column":10},"end":{"line":18,"column":31}},{"start":{"line":19,"column":10},"end":{"line":19,"column":42}}]},"1":{"loc":{"start":{"line":23,"column":4},"end":{"line":39,"column":5}},"type":"if","locations":[{"start":{"line":23,"column":4},"end":{"line":39,"column":5}},{"start":{"line":37,"column":11},"end":{"line":39,"column":5}}]},"2":{"loc":{"start":{"line":25,"column":6},"end":{"line":36,"column":7}},"type":"if","locations":[{"start":{"line":25,"column":6},"end":{"line":36,"column":7}},{"start":{"line":27,"column":13},"end":{"line":36,"column":7}}]},"3":{"loc":{"start":{"line":27,"column":13},"end":{"line":36,"column":7}},"type":"if","locations":[{"start":{"line":27,"column":13},"end":{"line":36,"column":7}},{"start":{"line":34,"column":13},"end":{"line":36,"column":7}}]},"4":{"loc":{"start":{"line":28,"column":8},"end":{"line":31,"column":70}},"type":"binary-expr","locations":[{"start":{"line":28,"column":8},"end":{"line":28,"column":36}},{"start":{"line":29,"column":8},"end":{"line":29,"column":25}},{"start":{"line":30,"column":8},"end":{"line":30,"column":29}},{"start":{"line":31,"column":8},"end":{"line":31,"column":70}}]}},"s":{"0":0,"1":0,"2":0,"3":0,"4":0,"5":0,"6":0,"7":0,"8":0,"9":0,"10":0,"11":0,"12":0,"13":0,"14":0,"15":0,"16":0},"f":{"0":0},"b":{"0":[0,0],"1":[0,0],"2":[0,0],"3":[0,0],"4":[0,0,0,0]}}
,"C:\\Users\\Berhan\\Desktop\\social\\backend\\src\\friends\\friends.controller.ts": {"path":"C:\\Users\\Berhan\\Desktop\\social\\backend\\src\\friends\\friends.controller.ts","statementMap":{"0":{"start":{"line":1,"column":0},"end":{"line":1,"column":null}},"1":{"start":{"line":13,"column":0},"end":{"line":13,"column":54}},"2":{"start":{"line":14,"column":0},"end":{"line":14,"column":51}},"3":{"start":{"line":15,"column":0},"end":{"line":15,"column":69}},"4":{"start":{"line":19,"column":7},"end":{"line":116,"column":null}},"5":{"start":{"line":20,"column":22},"end":{"line":20,"column":38}},"6":{"start":{"line":27,"column":19},"end":{"line":27,"column":31}},"7":{"start":{"line":29,"column":4},"end":{"line":31,"column":5}},"8":{"start":{"line":30,"column":6},"end":{"line":30,"column":76}},"9":{"start":{"line":33,"column":4},"end":{"line":33,"column":76}},"10":{"start":{"line":41,"column":19},"end":{"line":41,"column":31}},"11":{"start":{"line":43,"column":4},"end":{"line":45,"column":5}},"12":{"start":{"line":44,"column":6},"end":{"line":44,"column":76}},"13":{"start":{"line":47,"column":4},"end":{"line":47,"column":57}},"14":{"start":{"line":55,"column":19},"end":{"line":55,"column":31}},"15":{"start":{"line":57,"column":4},"end":{"line":59,"column":5}},"16":{"start":{"line":58,"column":6},"end":{"line":58,"column":76}},"17":{"start":{"line":61,"column":4},"end":{"line":61,"column":57}},"18":{"start":{"line":69,"column":19},"end":{"line":69,"column":31}},"19":{"start":{"line":71,"column":4},"end":{"line":73,"column":5}},"20":{"start":{"line":72,"column":6},"end":{"line":72,"column":76}},"21":{"start":{"line":75,"column":4},"end":{"line":75,"column":57}},"22":{"start":{"line":82,"column":19},"end":{"line":82,"column":31}},"23":{"start":{"line":84,"column":4},"end":{"line":86,"column":5}},"24":{"start":{"line":85,"column":6},"end":{"line":85,"column":76}},"25":{"start":{"line":88,"column":4},"end":{"line":88,"column":51}},"26":{"start":{"line":95,"column":19},"end":{"line":95,"column":31}},"27":{"start":{"line":97,"column":4},"end":{"line":99,"column":5}},"28":{"start":{"line":98,"column":6},"end":{"line":98,"column":76}},"29":{"start":{"line":101,"column":4},"end":{"line":101,"column":60}},"30":{"start":{"line":108,"column":19},"end":{"line":108,"column":31}},"31":{"start":{"line":110,"column":4},"end":{"line":112,"column":5}},"32":{"start":{"line":111,"column":6},"end":{"line":111,"column":76}},"33":{"start":{"line":114,"column":4},"end":{"line":114,"column":60}},"34":{"start":{"line":19,"column":13},"end":{"line":19,"column":30}},"35":{"start":{"line":23,"column":8},"end":{"line":34,"column":null}},"36":{"start":{"line":37,"column":8},"end":{"line":48,"column":null}},"37":{"start":{"line":51,"column":8},"end":{"line":62,"column":null}},"38":{"start":{"line":65,"column":8},"end":{"line":76,"column":null}},"39":{"start":{"line":79,"column":8},"end":{"line":89,"column":null}},"40":{"start":{"line":92,"column":8},"end":{"line":102,"column":null}},"41":{"start":{"line":105,"column":8},"end":{"line":115,"column":null}},"42":{"start":{"line":19,"column":13},"end":{"line":116,"column":null}}},"fnMap":{"0":{"name":"(anonymous_4)","decl":{"start":{"line":20,"column":2},"end":{"line":20,"column":22}},"loc":{"start":{"line":20,"column":52},"end":{"line":20,"column":56}}},"1":{"name":"(anonymous_5)","decl":{"start":{"line":23,"column":8},"end":{"line":23,"column":25}},"loc":{"start":{"line":25,"column":38},"end":{"line":34,"column":3}}},"2":{"name":"(anonymous_6)","decl":{"start":{"line":37,"column":8},"end":{"line":37,"column":21}},"loc":{"start":{"line":39,"column":27},"end":{"line":48,"column":3}}},"3":{"name":"(anonymous_7)","decl":{"start":{"line":51,"column":8},"end":{"line":51,"column":21}},"loc":{"start":{"line":53,"column":27},"end":{"line":62,"column":3}}},"4":{"name":"(anonymous_8)","decl":{"start":{"line":65,"column":8},"end":{"line":65,"column":21}},"loc":{"start":{"line":67,"column":27},"end":{"line":76,"column":3}}},"5":{"name":"(anonymous_9)","decl":{"start":{"line":79,"column":8},"end":{"line":79,"column":19}},"loc":{"start":{"line":80,"column":62},"end":{"line":89,"column":3}}},"6":{"name":"(anonymous_10)","decl":{"start":{"line":92,"column":8},"end":{"line":92,"column":28}},"loc":{"start":{"line":93,"column":62},"end":{"line":102,"column":3}}},"7":{"name":"(anonymous_11)","decl":{"start":{"line":105,"column":8},"end":{"line":105,"column":28}},"loc":{"start":{"line":106,"column":62},"end":{"line":115,"column":3}}}},"branchMap":{"0":{"loc":{"start":{"line":29,"column":4},"end":{"line":31,"column":5}},"type":"if","locations":[{"start":{"line":29,"column":4},"end":{"line":31,"column":5}},{"start":{},"end":{}}]},"1":{"loc":{"start":{"line":43,"column":4},"end":{"line":45,"column":5}},"type":"if","locations":[{"start":{"line":43,"column":4},"end":{"line":45,"column":5}},{"start":{},"end":{}}]},"2":{"loc":{"start":{"line":57,"column":4},"end":{"line":59,"column":5}},"type":"if","locations":[{"start":{"line":57,"column":4},"end":{"line":59,"column":5}},{"start":{},"end":{}}]},"3":{"loc":{"start":{"line":71,"column":4},"end":{"line":73,"column":5}},"type":"if","locations":[{"start":{"line":71,"column":4},"end":{"line":73,"column":5}},{"start":{},"end":{}}]},"4":{"loc":{"start":{"line":84,"column":4},"end":{"line":86,"column":5}},"type":"if","locations":[{"start":{"line":84,"column":4},"end":{"line":86,"column":5}},{"start":{},"end":{}}]},"5":{"loc":{"start":{"line":97,"column":4},"end":{"line":99,"column":5}},"type":"if","locations":[{"start":{"line":97,"column":4},"end":{"line":99,"column":5}},{"start":{},"end":{}}]},"6":{"loc":{"start":{"line":110,"column":4},"end":{"line":112,"column":5}},"type":"if","locations":[{"start":{"line":110,"column":4},"end":{"line":112,"column":5}},{"start":{},"end":{}}]},"7":{"loc":{"start":{"line":25,"column":18},"end":{"line":25,"column":null}},"type":"cond-expr","locations":[{"start":{"line":25,"column":38},"end":{"line":25,"column":null}},{"start":{"line":25,"column":38},"end":{"line":25,"column":null}}]},"8":{"loc":{"start":{"line":25,"column":18},"end":{"line":25,"column":38}},"type":"binary-expr","locations":[{"start":{"line":25,"column":18},"end":{"line":25,"column":null}},{"start":{"line":25,"column":18},"end":{"line":25,"column":38}}]},"9":{"loc":{"start":{"line":20,"column":38},"end":{"line":20,"column":55}},"type":"cond-expr","locations":[{"start":{"line":20,"column":52},"end":{"line":20,"column":55}},{"start":{"line":20,"column":52},"end":{"line":20,"column":55}}]},"10":{"loc":{"start":{"line":20,"column":38},"end":{"line":20,"column":52}},"type":"binary-expr","locations":[{"start":{"line":20,"column":38},"end":{"line":20,"column":55}},{"start":{"line":20,"column":38},"end":{"line":20,"column":52}}]}},"s":{"0":0,"1":0,"2":0,"3":0,"4":0,"5":0,"6":0,"7":0,"8":0,"9":0,"10":0,"11":0,"12":0,"13":0,"14":0,"15":0,"16":0,"17":0,"18":0,"19":0,"20":0,"21":0,"22":0,"23":0,"24":0,"25":0,"26":0,"27":0,"28":0,"29":0,"30":0,"31":0,"32":0,"33":0,"34":0,"35":0,"36":0,"37":0,"38":0,"39":0,"40":0,"41":0,"42":0},"f":{"0":0,"1":0,"2":0,"3":0,"4":0,"5":0,"6":0,"7":0},"b":{"0":[0,0],"1":[0,0],"2":[0,0],"3":[0,0],"4":[0,0],"5":[0,0],"6":[0,0],"7":[0,0],"8":[0,0],"9":[0,0],"10":[0,0]}}
,"C:\\Users\\Berhan\\Desktop\\social\\backend\\src\\friends\\friends.module.ts": {"path":"C:\\Users\\Berhan\\Desktop\\social\\backend\\src\\friends\\friends.module.ts","statementMap":{"0":{"start":{"line":1,"column":0},"end":{"line":1,"column":40}},"1":{"start":{"line":2,"column":0},"end":{"line":2,"column":57}},"2":{"start":{"line":3,"column":0},"end":{"line":3,"column":51}},"3":{"start":{"line":4,"column":0},"end":{"line":4,"column":57}},"4":{"start":{"line":5,"column":0},"end":{"line":5,"column":55}},"5":{"start":{"line":6,"column":0},"end":{"line":6,"column":49}},"6":{"start":{"line":14,"column":7},"end":{"line":14,"column":null}},"7":{"start":{"line":14,"column":13},"end":{"line":14,"column":26}},"8":{"start":{"line":14,"column":13},"end":{"line":14,"column":null}}},"fnMap":{},"branchMap":{},"s":{"0":0,"1":0,"2":0,"3":0,"4":0,"5":0,"6":0,"7":0,"8":0},"f":{},"b":{}}
,"C:\\Users\\Berhan\\Desktop\\social\\backend\\src\\friends\\friends.repository.ts": {"path":"C:\\Users\\Berhan\\Desktop\\social\\backend\\src\\friends\\friends.repository.ts","statementMap":{"0":{"start":{"line":1,"column":0},"end":{"line":1,"column":44}},"1":{"start":{"line":2,"column":0},"end":{"line":2,"column":57}},"2":{"start":{"line":5,"column":7},"end":{"line":78,"column":null}},"3":{"start":{"line":6,"column":22},"end":{"line":6,"column":30}},"4":{"start":{"line":9,"column":4},"end":{"line":11,"column":7}},"5":{"start":{"line":15,"column":4},"end":{"line":22,"column":7}},"6":{"start":{"line":26,"column":4},"end":{"line":32,"column":7}},"7":{"start":{"line":36,"column":4},"end":{"line":39,"column":7}},"8":{"start":{"line":43,"column":4},"end":{"line":52,"column":7}},"9":{"start":{"line":56,"column":4},"end":{"line":64,"column":7}},"10":{"start":{"line":68,"column":4},"end":{"line":76,"column":7}},"11":{"start":{"line":5,"column":13},"end":{"line":5,"column":30}},"12":{"start":{"line":5,"column":13},"end":{"line":78,"column":null}}},"fnMap":{"0":{"name":"(anonymous_2)","decl":{"start":{"line":6,"column":2},"end":{"line":6,"column":22}},"loc":{"start":{"line":6,"column":43},"end":{"line":6,"column":47}}},"1":{"name":"(anonymous_3)","decl":{"start":{"line":8,"column":2},"end":{"line":8,"column":7}},"loc":{"start":{"line":8,"column":37},"end":{"line":12,"column":3}}},"2":{"name":"(anonymous_4)","decl":{"start":{"line":14,"column":2},"end":{"line":14,"column":7}},"loc":{"start":{"line":14,"column":67},"end":{"line":23,"column":3}}},"3":{"name":"(anonymous_5)","decl":{"start":{"line":25,"column":2},"end":{"line":25,"column":7}},"loc":{"start":{"line":25,"column":68},"end":{"line":33,"column":3}}},"4":{"name":"(anonymous_6)","decl":{"start":{"line":35,"column":2},"end":{"line":35,"column":7}},"loc":{"start":{"line":35,"column":57},"end":{"line":40,"column":3}}},"5":{"name":"(anonymous_7)","decl":{"start":{"line":42,"column":2},"end":{"line":42,"column":7}},"loc":{"start":{"line":42,"column":53},"end":{"line":53,"column":3}}},"6":{"name":"(anonymous_8)","decl":{"start":{"line":55,"column":2},"end":{"line":55,"column":7}},"loc":{"start":{"line":55,"column":43},"end":{"line":65,"column":3}}},"7":{"name":"(anonymous_9)","decl":{"start":{"line":67,"column":2},"end":{"line":67,"column":7}},"loc":{"start":{"line":67,"column":43},"end":{"line":77,"column":3}}}},"branchMap":{"0":{"loc":{"start":{"line":6,"column":30},"end":{"line":6,"column":46}},"type":"cond-expr","locations":[{"start":{"line":6,"column":43},"end":{"line":6,"column":46}},{"start":{"line":6,"column":43},"end":{"line":6,"column":46}}]},"1":{"loc":{"start":{"line":6,"column":30},"end":{"line":6,"column":43}},"type":"binary-expr","locations":[{"start":{"line":6,"column":30},"end":{"line":6,"column":46}},{"start":{"line":6,"column":30},"end":{"line":6,"column":43}}]}},"s":{"0":1,"1":1,"2":1,"3":0,"4":0,"5":0,"6":0,"7":0,"8":0,"9":0,"10":0,"11":1,"12":1},"f":{"0":0,"1":0,"2":0,"3":0,"4":0,"5":0,"6":0,"7":0},"b":{"0":[1,0],"1":[1,1]}}
,"C:\\Users\\Berhan\\Desktop\\social\\backend\\src\\friends\\friends.service.ts": {"path":"C:\\Users\\Berhan\\Desktop\\social\\backend\\src\\friends\\friends.service.ts","statementMap":{"0":{"start":{"line":1,"column":0},"end":{"line":1,"column":null}},"1":{"start":{"line":7,"column":0},"end":{"line":7,"column":57}},"2":{"start":{"line":10,"column":7},"end":{"line":150,"column":null}},"3":{"start":{"line":11,"column":22},"end":{"line":11,"column":41}},"4":{"start":{"line":14,"column":4},"end":{"line":16,"column":5}},"5":{"start":{"line":15,"column":6},"end":{"line":15,"column":77}},"6":{"start":{"line":18,"column":21},"end":{"line":20,"column":null}},"7":{"start":{"line":23,"column":4},"end":{"line":25,"column":5}},"8":{"start":{"line":24,"column":6},"end":{"line":24,"column":79}},"9":{"start":{"line":27,"column":4},"end":{"line":29,"column":5}},"10":{"start":{"line":28,"column":6},"end":{"line":28,"column":65}},"11":{"start":{"line":31,"column":4},"end":{"line":34,"column":6}},"12":{"start":{"line":39,"column":6},"end":{"line":39,"column":64}},"13":{"start":{"line":41,"column":4},"end":{"line":43,"column":5}},"14":{"start":{"line":42,"column":6},"end":{"line":42,"column":62}},"15":{"start":{"line":45,"column":4},"end":{"line":47,"column":5}},"16":{"start":{"line":46,"column":6},"end":{"line":46,"column":76}},"17":{"start":{"line":49,"column":4},"end":{"line":53,"column":5}},"18":{"start":{"line":50,"column":6},"end":{"line":52,"column":8}},"19":{"start":{"line":55,"column":4},"end":{"line":58,"column":6}},"20":{"start":{"line":63,"column":6},"end":{"line":63,"column":64}},"21":{"start":{"line":65,"column":4},"end":{"line":67,"column":5}},"22":{"start":{"line":66,"column":6},"end":{"line":66,"column":62}},"23":{"start":{"line":69,"column":4},"end":{"line":71,"column":5}},"24":{"start":{"line":70,"column":6},"end":{"line":70,"column":76}},"25":{"start":{"line":73,"column":4},"end":{"line":77,"column":5}},"26":{"start":{"line":74,"column":6},"end":{"line":76,"column":8}},"27":{"start":{"line":79,"column":4},"end":{"line":79,"column":80}},"28":{"start":{"line":84,"column":6},"end":{"line":84,"column":64}},"29":{"start":{"line":86,"column":4},"end":{"line":88,"column":5}},"30":{"start":{"line":87,"column":6},"end":{"line":87,"column":62}},"31":{"start":{"line":90,"column":4},"end":{"line":92,"column":5}},"32":{"start":{"line":91,"column":6},"end":{"line":91,"column":76}},"33":{"start":{"line":94,"column":4},"end":{"line":98,"column":5}},"34":{"start":{"line":95,"column":6},"end":{"line":97,"column":8}},"35":{"start":{"line":100,"column":4},"end":{"line":100,"column":80}},"36":{"start":{"line":105,"column":6},"end":{"line":105,"column":73}},"37":{"start":{"line":107,"column":4},"end":{"line":118,"column":7}},"38":{"start":{"line":109,"column":8},"end":{"line":111,"column":32}},"39":{"start":{"line":113,"column":6},"end":{"line":117,"column":8}},"40":{"start":{"line":122,"column":21},"end":{"line":122,"column":78}},"41":{"start":{"line":124,"column":4},"end":{"line":133,"column":8}},"42":{"start":{"line":124,"column":38},"end":{"line":133,"column":6}},"43":{"start":{"line":137,"column":21},"end":{"line":137,"column":78}},"44":{"start":{"line":139,"column":4},"end":{"line":148,"column":8}},"45":{"start":{"line":139,"column":38},"end":{"line":148,"column":6}},"46":{"start":{"line":10,"column":13},"end":{"line":10,"column":27}},"47":{"start":{"line":10,"column":13},"end":{"line":150,"column":null}}},"fnMap":{"0":{"name":"(anonymous_2)","decl":{"start":{"line":11,"column":2},"end":{"line":11,"column":22}},"loc":{"start":{"line":11,"column":58},"end":{"line":11,"column":62}}},"1":{"name":"(anonymous_3)","decl":{"start":{"line":13,"column":2},"end":{"line":13,"column":7}},"loc":{"start":{"line":13,"column":67},"end":{"line":35,"column":3}}},"2":{"name":"(anonymous_4)","decl":{"start":{"line":37,"column":2},"end":{"line":37,"column":7}},"loc":{"start":{"line":37,"column":55},"end":{"line":59,"column":3}}},"3":{"name":"(anonymous_5)","decl":{"start":{"line":61,"column":2},"end":{"line":61,"column":7}},"loc":{"start":{"line":61,"column":55},"end":{"line":80,"column":3}}},"4":{"name":"(anonymous_6)","decl":{"start":{"line":82,"column":2},"end":{"line":82,"column":7}},"loc":{"start":{"line":82,"column":55},"end":{"line":101,"column":3}}},"5":{"name":"(anonymous_7)","decl":{"start":{"line":103,"column":2},"end":{"line":103,"column":7}},"loc":{"start":{"line":103,"column":34},"end":{"line":119,"column":3}}},"6":{"name":"(anonymous_8)","decl":{"start":{"line":107,"column":27},"end":{"line":107,"column":28}},"loc":{"start":{"line":107,"column":42},"end":{"line":118,"column":5}}},"7":{"name":"(anonymous_9)","decl":{"start":{"line":121,"column":2},"end":{"line":121,"column":7}},"loc":{"start":{"line":121,"column":43},"end":{"line":134,"column":3}}},"8":{"name":"(anonymous_10)","decl":{"start":{"line":124,"column":24},"end":{"line":124,"column":25}},"loc":{"start":{"line":124,"column":38},"end":{"line":133,"column":6}}},"9":{"name":"(anonymous_11)","decl":{"start":{"line":136,"column":2},"end":{"line":136,"column":7}},"loc":{"start":{"line":136,"column":43},"end":{"line":149,"column":3}}},"10":{"name":"(anonymous_12)","decl":{"start":{"line":139,"column":24},"end":{"line":139,"column":25}},"loc":{"start":{"line":139,"column":38},"end":{"line":148,"column":6}}}},"branchMap":{"0":{"loc":{"start":{"line":14,"column":4},"end":{"line":16,"column":5}},"type":"if","locations":[{"start":{"line":14,"column":4},"end":{"line":16,"column":5}},{"start":{},"end":{}}]},"1":{"loc":{"start":{"line":23,"column":4},"end":{"line":25,"column":5}},"type":"if","locations":[{"start":{"line":23,"column":4},"end":{"line":25,"column":5}},{"start":{},"end":{}}]},"2":{"loc":{"start":{"line":23,"column":8},"end":{"line":23,"column":49}},"type":"binary-expr","locations":[{"start":{"line":23,"column":8},"end":{"line":23,"column":16}},{"start":{"line":23,"column":20},"end":{"line":23,"column":49}}]},"3":{"loc":{"start":{"line":27,"column":4},"end":{"line":29,"column":5}},"type":"if","locations":[{"start":{"line":27,"column":4},"end":{"line":29,"column":5}},{"start":{},"end":{}}]},"4":{"loc":{"start":{"line":27,"column":8},"end":{"line":27,"column":50}},"type":"binary-expr","locations":[{"start":{"line":27,"column":8},"end":{"line":27,"column":16}},{"start":{"line":27,"column":20},"end":{"line":27,"column":50}}]},"5":{"loc":{"start":{"line":41,"column":4},"end":{"line":43,"column":5}},"type":"if","locations":[{"start":{"line":41,"column":4},"end":{"line":43,"column":5}},{"start":{},"end":{}}]},"6":{"loc":{"start":{"line":45,"column":4},"end":{"line":47,"column":5}},"type":"if","locations":[{"start":{"line":45,"column":4},"end":{"line":47,"column":5}},{"start":{},"end":{}}]},"7":{"loc":{"start":{"line":49,"column":4},"end":{"line":53,"column":5}},"type":"if","locations":[{"start":{"line":49,"column":4},"end":{"line":53,"column":5}},{"start":{},"end":{}}]},"8":{"loc":{"start":{"line":65,"column":4},"end":{"line":67,"column":5}},"type":"if","locations":[{"start":{"line":65,"column":4},"end":{"line":67,"column":5}},{"start":{},"end":{}}]},"9":{"loc":{"start":{"line":69,"column":4},"end":{"line":71,"column":5}},"type":"if","locations":[{"start":{"line":69,"column":4},"end":{"line":71,"column":5}},{"start":{},"end":{}}]},"10":{"loc":{"start":{"line":73,"column":4},"end":{"line":77,"column":5}},"type":"if","locations":[{"start":{"line":73,"column":4},"end":{"line":77,"column":5}},{"start":{},"end":{}}]},"11":{"loc":{"start":{"line":86,"column":4},"end":{"line":88,"column":5}},"type":"if","locations":[{"start":{"line":86,"column":4},"end":{"line":88,"column":5}},{"start":{},"end":{}}]},"12":{"loc":{"start":{"line":90,"column":4},"end":{"line":92,"column":5}},"type":"if","locations":[{"start":{"line":90,"column":4},"end":{"line":92,"column":5}},{"start":{},"end":{}}]},"13":{"loc":{"start":{"line":94,"column":4},"end":{"line":98,"column":5}},"type":"if","locations":[{"start":{"line":94,"column":4},"end":{"line":98,"column":5}},{"start":{},"end":{}}]},"14":{"loc":{"start":{"line":109,"column":8},"end":{"line":111,"column":32}},"type":"cond-expr","locations":[{"start":{"line":110,"column":12},"end":{"line":110,"column":32}},{"start":{"line":111,"column":12},"end":{"line":111,"column":32}}]},"15":{"loc":{"start":{"line":11,"column":41},"end":{"line":11,"column":61}},"type":"cond-expr","locations":[{"start":{"line":11,"column":58},"end":{"line":11,"column":61}},{"start":{"line":11,"column":58},"end":{"line":11,"column":61}}]},"16":{"loc":{"start":{"line":11,"column":41},"end":{"line":11,"column":58}},"type":"binary-expr","locations":[{"start":{"line":11,"column":41},"end":{"line":11,"column":61}},{"start":{"line":11,"column":41},"end":{"line":11,"column":58}}]}},"s":{"0":1,"1":1,"2":1,"3":7,"4":3,"5":1,"6":2,"7":2,"8":1,"9":1,"10":0,"11":1,"12":3,"13":3,"14":1,"15":2,"16":1,"17":1,"18":0,"19":1,"20":0,"21":0,"22":0,"23":0,"24":0,"25":0,"26":0,"27":0,"28":0,"29":0,"30":0,"31":0,"32":0,"33":0,"34":0,"35":0,"36":1,"37":1,"38":1,"39":1,"40":0,"41":0,"42":0,"43":0,"44":0,"45":0,"46":1,"47":1},"f":{"0":7,"1":3,"2":3,"3":0,"4":0,"5":1,"6":1,"7":0,"8":0,"9":0,"10":0},"b":{"0":[1,2],"1":[1,1],"2":[2,1],"3":[0,1],"4":[1,0],"5":[1,2],"6":[1,1],"7":[0,1],"8":[0,0],"9":[0,0],"10":[0,0],"11":[0,0],"12":[0,0],"13":[0,0],"14":[1,0],"15":[1,0],"16":[1,1]}}
,"C:\\Users\\Berhan\\Desktop\\social\\backend\\src\\friends\\dto\\send-friend-request.dto.ts": {"path":"C:\\Users\\Berhan\\Desktop\\social\\backend\\src\\friends\\dto\\send-friend-request.dto.ts","statementMap":{"0":{"start":{"line":1,"column":0},"end":{"line":1,"column":51}},"1":{"start":{"line":3,"column":0},"end":{"line":3,"column":13}},"2":{"start":{"line":6,"column":2},"end":{"line":6,"column":null}}},"fnMap":{},"branchMap":{},"s":{"0":0,"1":0,"2":0},"f":{},"b":{}}
,"C:\\Users\\Berhan\\Desktop\\social\\backend\\src\\groups\\groups.controller.ts": {"path":"C:\\Users\\Berhan\\Desktop\\social\\backend\\src\\groups\\groups.controller.ts","statementMap":{"0":{"start":{"line":1,"column":0},"end":{"line":1,"column":null}},"1":{"start":{"line":12,"column":0},"end":{"line":12,"column":54}},"2":{"start":{"line":13,"column":0},"end":{"line":13,"column":49}},"3":{"start":{"line":14,"column":0},"end":{"line":14,"column":56}},"4":{"start":{"line":15,"column":0},"end":{"line":15,"column":52}},"5":{"start":{"line":19,"column":7},"end":{"line":76,"column":null}},"6":{"start":{"line":20,"column":22},"end":{"line":20,"column":37}},"7":{"start":{"line":27,"column":19},"end":{"line":27,"column":31}},"8":{"start":{"line":29,"column":4},"end":{"line":31,"column":5}},"9":{"start":{"line":30,"column":6},"end":{"line":30,"column":76}},"10":{"start":{"line":33,"column":4},"end":{"line":33,"column":61}},"11":{"start":{"line":41,"column":19},"end":{"line":41,"column":31}},"12":{"start":{"line":43,"column":4},"end":{"line":45,"column":5}},"13":{"start":{"line":44,"column":6},"end":{"line":44,"column":76}},"14":{"start":{"line":47,"column":4},"end":{"line":47,"column":77}},"15":{"start":{"line":55,"column":19},"end":{"line":55,"column":31}},"16":{"start":{"line":57,"column":4},"end":{"line":59,"column":5}},"17":{"start":{"line":58,"column":6},"end":{"line":58,"column":76}},"18":{"start":{"line":61,"column":4},"end":{"line":61,"column":58}},"19":{"start":{"line":68,"column":19},"end":{"line":68,"column":31}},"20":{"start":{"line":70,"column":4},"end":{"line":72,"column":5}},"21":{"start":{"line":71,"column":6},"end":{"line":71,"column":76}},"22":{"start":{"line":74,"column":4},"end":{"line":74,"column":51}},"23":{"start":{"line":19,"column":13},"end":{"line":19,"column":29}},"24":{"start":{"line":23,"column":8},"end":{"line":34,"column":null}},"25":{"start":{"line":37,"column":8},"end":{"line":48,"column":null}},"26":{"start":{"line":51,"column":8},"end":{"line":62,"column":null}},"27":{"start":{"line":65,"column":8},"end":{"line":75,"column":null}},"28":{"start":{"line":19,"column":13},"end":{"line":76,"column":null}}},"fnMap":{"0":{"name":"(anonymous_4)","decl":{"start":{"line":20,"column":2},"end":{"line":20,"column":22}},"loc":{"start":{"line":20,"column":50},"end":{"line":20,"column":54}}},"1":{"name":"(anonymous_5)","decl":{"start":{"line":23,"column":8},"end":{"line":23,"column":19}},"loc":{"start":{"line":25,"column":32},"end":{"line":34,"column":3}}},"2":{"
[...]
end":{"line":29,"column":62}},"8":{"start":{"line":32,"column":18},"end":{"line":34,"column":6}},"9":{"start":{"line":36,"column":4},"end":{"line":40,"column":5}},"10":{"start":{"line":37,"column":6},"end":{"line":39,"column":8}},"11":{"start":{"line":42,"column":17},"end":{"line":42,"column":48}},"12":{"start":{"line":44,"column":21},"end":{"line":48,"column":6}},"13":{"start":{"line":50,"column":4},"end":{"line":50,"column":20}},"14":{"start":{"line":17,"column":13},"end":{"line":17,"column":38}},"15":{"start":{"line":21,"column":8},"end":{"line":51,"column":null}},"16":{"start":{"line":17,"column":13},"end":{"line":52,"column":null}}},"fnMap":{"0":{"name":"(anonymous_4)","decl":{"start":{"line":18,"column":2},"end":{"line":18,"column":22}},"loc":{"start":{"line":18,"column":43},"end":{"line":18,"column":47}}},"1":{"name":"(anonymous_5)","decl":{"start":{"line":21,"column":8},"end":{"line":21,"column":24}},"loc":{"start":{"line":24,"column":72},"end":{"line":51,"column":3}}}},"branchMap":{"0":{"loc":{"start":{"line":28,"column":4},"end":{"line":30,"column":5}},"type":"if","locations":[{"start":{"line":28,"column":4},"end":{"line":30,"column":5}},{"start":{},"end":{}}]},"1":{"loc":{"start":{"line":36,"column":4},"end":{"line":40,"column":5}},"type":"if","locations":[{"start":{"line":36,"column":4},"end":{"line":40,"column":5}},{"start":{},"end":{}}]},"2":{"loc":{"start":{"line":36,"column":8},"end":{"line":36,"column":76}},"type":"binary-expr","locations":[{"start":{"line":36,"column":8},"end":{"line":36,"column":14}},{"start":{"line":36,"column":19},"end":{"line":36,"column":45}},{"start":{"line":36,"column":49},"end":{"line":36,"column":75}}]},"3":{"loc":{"start":{"line":42,"column":17},"end":{"line":42,"column":48}},"type":"cond-expr","locations":[{"start":{"line":42,"column":38},"end":{"line":42,"column":43}},{"start":{"line":42,"column":46},"end":{"line":42,"column":48}}]},"4":{"loc":{"start":{"line":42,"column":17},"end":{"line":42,"column":35}},"type":"binary-expr","locations":[{"start":{"line":42,"column":17},"end":{"line":42,"column":22}},{"start":{"line":42,"column":26},"end":{"line":42,"column":35}}]},"5":{"loc":{"start":{"line":18,"column":30},"end":{"line":18,"column":46}},"type":"cond-expr","locations":[{"start":{"line":18,"column":43},"end":{"line":18,"column":46}},{"start":{"line":18,"column":43},"end":{"line":18,"column":46}}]},"6":{"loc":{"start":{"line":18,"column":30},"end":{"line":18,"column":43}},"type":"binary-expr","locations":[{"start":{"line":18,"column":30},"end":{"line":18,"column":46}},{"start":{"line":18,"column":30},"end":{"line":18,"column":43}}]}},"s":{"0":1,"1":1,"2":1,"3":1,"4":2,"5":2,"6":2,"7":0,"8":2,"9":2,"10":1,"11":1,"12":1,"13":1,"14":1,"15":1,"16":1},"f":{"0":2,"1":2},"b":{"0":[0,2],"1":[1,1],"2":[2,2,1],"3":[1,0],"4":[1,1],"5":[1,0],"6":[1,1]}}
,"C:\\Users\\Berhan\\Desktop\\social\\backend\\src\\matches\\matches.module.ts": {"path":"C:\\Users\\Berhan\\Desktop\\social\\backend\\src\\matches\\matches.module.ts","statementMap":{"0":{"start":{"line":1,"column":0},"end":{"line":1,"column":40}},"1":{"start":{"line":2,"column":0},"end":{"line":2,"column":74}},"2":{"start":{"line":3,"column":0},"end":{"line":3,"column":49}},"3":{"start":{"line":4,"column":0},"end":{"line":4,"column":55}},"4":{"start":{"line":10,"column":7},"end":{"line":10,"column":null}},"5":{"start":{"line":10,"column":13},"end":{"line":10,"column":26}},"6":{"start":{"line":10,"column":13},"end":{"line":10,"column":null}}},"fnMap":{},"branchMap":{},"s":{"0":0,"1":0,"2":0,"3":0,"4":0,"5":0,"6":0},"f":{},"b":{}}
,"C:\\Users\\Berhan\\Desktop\\social\\backend\\src\\prisma\\prisma.module.ts": {"path":"C:\\Users\\Berhan\\Desktop\\social\\backend\\src\\prisma\\prisma.module.ts","statementMap":{"0":{"start":{"line":1,"column":0},"end":{"line":1,"column":48}},"1":{"start":{"line":2,"column":0},"end":{"line":2,"column":49}},"2":{"start":{"line":9,"column":7},"end":{"line":9,"column":null}},"3":{"start":{"line":9,"column":13},"end":{"line":9,"column":25}},"4":{"start":{"line":9,"column":13},"end":{"line":9,"column":null}}},"fnMap":{},"branchMap":{},"s":{"0":0,"1":0,"2":0,"3":0,"4":0},"f":{},"b":{}}
,"C:\\Users\\Berhan\\Desktop\\social\\backend\\src\\prisma\\prisma.service.ts": {"path":"C:\\Users\\Berhan\\Desktop\\social\\backend\\src\\prisma\\prisma.service.ts","statementMap":{"0":{"start":{"line":1,"column":0},"end":{"line":1,"column":75}},"1":{"start":{"line":2,"column":0},"end":{"line":2,"column":46}},"2":{"start":{"line":3,"column":0},"end":{"line":3,"column":46}},"3":{"start":{"line":4,"column":0},"end":{"line":4,"column":26}},"4":{"start":{"line":5,"column":0},"end":{"line":5,"column":33}},"5":{"start":{"line":7,"column":0},"end":{"line":7,"column":16}},"6":{"start":{"line":9,"column":20},"end":{"line":9,"column":44}},"7":{"start":{"line":11,"column":0},"end":{"line":14,"column":1}},"8":{"start":{"line":13,"column":2},"end":{"line":13,"column":58}},"9":{"start":{"line":16,"column":13},"end":{"line":18,"column":2}},"10":{"start":{"line":20,"column":16},"end":{"line":20,"column":34}},"11":{"start":{"line":23,"column":7},"end":{"line":38,"column":null}},"12":{"start":{"line":28,"column":4},"end":{"line":28,"column":23}},"13":{"start":{"line":32,"column":4},"end":{"line":32,"column":26}},"14":{"start":{"line":36,"column":4},"end":{"line":36,"column":29}},"15":{"start":{"line":23,"column":13},"end":{"line":23,"column":26}},"16":{"start":{"line":23,"column":13},"end":{"line":38,"column":null}}},"fnMap":{"0":{"name":"(anonymous_11)","decl":{"start":{"line":27,"column":2},"end":{"line":27,"column":null}},"loc":{"start":{"line":27,"column":2},"end":{"line":29,"column":3}}},"1":{"name":"(anonymous_12)","decl":{"start":{"line":31,"column":2},"end":{"line":31,"column":7}},"loc":{"start":{"line":31,"column":20},"end":{"line":33,"column":3}}},"2":{"name":"(anonymous_13)","decl":{"start":{"line":35,"column":2},"end":{"line":35,"column":7}},"loc":{"start":{"line":35,"column":23},"end":{"line":37,"column":3}}}},"branchMap":{"0":{"loc":{"start":{"line":11,"column":0},"end":{"line":14,"column":1}},"type":"if","locations":[{"start":{"line":11,"column":0},"end":{"line":14,"column":1}},{"start":{},"end":{}}]}},"s":{"0":8,"1":8,"2":8,"3":8,"4":8,"5":8,"6":8,"7":8,"8":0,"9":8,"10":8,"11":8,"12":0,"13":0,"14":0,"15":8,"16":8},"f":{"0":0,"1":0,"2":0},"b":{"0":[0,8]}}
,"C:\\Users\\Berhan\\Desktop\\social\\backend\\src\\supabase\\supabase.module.ts": {"path":"C:\\Users\\Berhan\\Desktop\\social\\backend\\src\\supabase\\supabase.module.ts","statementMap":{"0":{"start":{"line":1,"column":0},"end":{"line":1,"column":48}},"1":{"start":{"line":2,"column":0},"end":{"line":2,"column":53}},"2":{"start":{"line":9,"column":7},"end":{"line":9,"column":null}},"3":{"start":{"line":9,"column":13},"end":{"line":9,"column":27}},"4":{"start":{"line":9,"column":13},"end":{"line":9,"column":null}}},"fnMap":{},"branchMap":{},"s":{"0":0,"1":0,"2":0,"3":0,"4":0},"f":{},"b":{}}
,"C:\\Users\\Berhan\\Desktop\\social\\backend\\src\\supabase\\supabase.service.ts": {"path":"C:\\Users\\Berhan\\Desktop\\social\\backend\\src\\supabase\\supabase.service.ts","statementMap":{"0":{"start":{"line":1,"column":0},"end":{"line":1,"column":23}},"1":{"start":{"line":2,"column":0},"end":{"line":2,"column":44}},"2":{"start":{"line":3,"column":0},"end":{"line":3,"column":69}},"3":{"start":{"line":6,"column":7},"end":{"line":40,"column":null}},"4":{"start":{"line":11,"column":24},"end":{"line":11,"column":48}},"5":{"start":{"line":12,"column":28},"end":{"line":12,"column":57}},"6":{"start":{"line":13,"column":31},"end":{"line":13,"column":68}},"7":{"start":{"line":15,"column":4},"end":{"line":25,"column":5}},"8":{"start":{"line":17,"column":6},"end":{"line":21,"column":9}},"9":{"start":{"line":22,"column":6},"end":{"line":24,"column":8}},"10":{"start":{"line":27,"column":4},"end":{"line":27,"column":61}},"11":{"start":{"line":29,"column":4},"end":{"line":38,"column":5}},"12":{"start":{"line":30,"column":6},"end":{"line":30,"column":71}},"13":{"start":{"line":34,"column":6},"end":{"line":36,"column":8}},"14":{"start":{"line":37,"column":6},"end":{"line":37,"column":37}},"15":{"start":{"line":6,"column":13},"end":{"line":6,"column":28}},"16":{"start":{"line":6,"column":13},"end":{"line":40,"column":null}}},"fnMap":{"0":{"name":"(anonymous_2)","decl":{"start":{"line":10,"column":2},"end":{"line":10,"column":null}},"loc":{"start":{"line":10,"column":2},"end":{"line":39,"column":3}}}},"branchMap":{"0":{"loc":{"start":{"line":15,"column":4},"end":{"line":25,"column":5}},"type":"if","locations":[{"start":{"line":15,"column":4},"end":{"line":25,"column":5}},{"start":{},"end":{}}]},"1":{"loc":{"start":{"line":15,"column":8},"end":{"line":15,"column":40}},"type":"binary-expr","locations":[{"start":{"line":15,"column":8},"end":{"line":15,"column":20}},{"start":{"line":15,"column":24},"end":{"line":15,"column":40}}]},"2":{"loc":{"start":{"line":29,"column":4},"end":{"line":38,"column":5}},"type":"if","locations":[{"start":{"line":29,"column":4},"end":{"line":38,"column":5}},{"start":{"line":31,"column":11},"end":{"line":38,"column":5}}]}},"s":{"0":4,"1":4,"2":4,"3":4,"4":0,"5":0,"6":0,"7":0,"8":0,"9":0,"10":0,"11":0,"12":0,"13":0,"14":0,"15":4,"16":4},"f":{"0":0},"b":{"0":[0,0],"1":[0,0],"2":[0,0]}}
,"C:\\Users\\Berhan\\Desktop\\social\\backend\\src\\users\\users.controller.ts": {"path":"C:\\Users\\Berhan\\Desktop\\social\\backend\\src\\users\\users.controller.ts","statementMap":{"0":{"start":{"line":1,"column":0},"end":{"line":1,"column":null}},"1":{"start":{"line":10,"column":0},"end":{"line":10,"column":47}},"2":{"start":{"line":11,"column":0},"end":{"line":11,"column":60}},"3":{"start":{"line":12,"column":0},"end":{"line":12,"column":54}},"4":{"start":{"line":16,"column":7},"end":{"line":39,"column":null}},"5":{"start":{"line":17,"column":22},"end":{"line":17,"column":36}},"6":{"start":{"line":23,"column":4},"end":{"line":25,"column":5}},"7":{"start":{"line":24,"column":6},"end":{"line":24,"column":63}},"8":{"start":{"line":26,"column":4},"end":{"line":26,"column":53}},"9":{"start":{"line":34,"column":4},"end":{"line":36,"column":5}},"10":{"start":{"line":35,"column":6},"end":{"line":35,"column":63}},"11":{"start":{"line":37,"column":4},"end":{"line":37,"column":74}},"12":{"start":{"line":16,"column":13},"end":{"line":16,"column":28}},"13":{"start":{"line":20,"column":8},"end":{"line":27,"column":null}},"14":{"start":{"line":30,"column":8},"end":{"line":38,"column":null}},"15":{"start":{"line":16,"column":13},"end":{"line":39,"column":null}}},"fnMap":{"0":{"name":"(anonymous_4)","decl":{"start":{"line":17,"column":2},"end":{"line":17,"column":22}},"loc":{"start":{"line":17,"column":48},"end":{"line":17,"column":52}}},"1":{"name":"(anonymous_5)","decl":{"start":{"line":20,"column":8},"end":{"line":20,"column":20}},"loc":{"start":{"line":21,"column":62},"end":{"line":27,"column":3}}},"2":{"name":"(anonymous_6)","decl":{"start":{"line":30,"column":8},"end":{"line":30,"column":23}},"loc":{"start":{"line":32,"column":46},"end":{"line":38,"column":3}}}},"branchMap":{"0":{"loc":{"start":{"line":23,"column":4},"end":{"line":25,"column":5}},"type":"if","locations":[{"start":{"line":23,"column":4},"end":{"line":25,"column":5}},{"start":{},"end":{}}]},"1":{"loc":{"start":{"line":34,"column":4},"end":{"line":36,"column":5}},"type":"if","locations":[{"start":{"line":34,"column":4},"end":{"line":36,"column":5}},{"start":{},"end":{}}]},"2":{"loc":{"start":{"line":32,"column":30},"end":{"line":32,"column":null}},"type":"cond-expr","locations":[{"start":{"line":32,"column":46},"end":{"line":32,"column":null}},{"start":{"line":32,"column":46},"end":{"line":32,"column":null}}]},"3":{"loc":{"start":{"line":32,"column":30},"end":{"line":32,"column":46}},"type":"binary-expr","locations":[{"start":{"line":32,"column":30},"end":{"line":32,"column":null}},{"start":{"line":32,"column":30},"end":{"line":32,"column":46}}]},"4":{"loc":{"start":{"line":17,"column":36},"end":{"line":17,"column":51}},"type":"cond-expr","locations":[{"start":{"line":17,"column":48},"end":{"line":17,"column":51}},{"start":{"line":17,"column":48},"end":{"line":17,"column":51}}]},"5":{"loc":{"start":{"line":17,"column":36},"end":{"line":17,"column":48}},"type":"binary-expr","locations":[{"start":{"line":17,"column":36},"end":{"line":17,"column":51}},{"start":{"line":17,"column":36},"end":{"line":17,"column":48}}]}},"s":{"0":0,"1":0,"2":0,"3":0,"4":0,"5":0,"6":0,"7":0,"8":0,"9":0,"10":0,"11":0,"12":0,"13":0,"14":0,"15":0},"f":{"0":0,"1":0,"2":0},"b":{"0":[0,0],"1":[0,0],"2":[0,0],"3":[0,0],"4":[0,0],"5":[0,0]}}
,"C:\\Users\\Berhan\\Desktop\\social\\backend\\src\\users\\users.module.ts": {"path":"C:\\Users\\Berhan\\Desktop\\social\\backend\\src\\users\\users.module.ts","statementMap":{"0":{"start":{"line":1,"column":0},"end":{"line":1,"column":40}},"1":{"start":{"line":2,"column":0},"end":{"line":2,"column":53}},"2":{"start":{"line":3,"column":0},"end":{"line":3,"column":47}},"3":{"start":{"line":4,"column":0},"end":{"line":4,"column":66}},"4":{"start":{"line":5,"column":0},"end":{"line":5,"column":55}},"5":{"start":{"line":6,"column":0},"end":{"line":6,"column":49}},"6":{"start":{"line":14,"column":7},"end":{"line":14,"column":null}},"7":{"start":{"line":14,"column":13},"end":{"line":14,"column":24}},"8":{"start":{"line":14,"column":13},"end":{"line":14,"column":null}}},"fnMap":{},"branchMap":{},"s":{"0":0,"1":0,"2":0,"3":0,"4":0,"5":0,"6":0,"7":0,"8":0},"f":{},"b":{}}
,"C:\\Users\\Berhan\\Desktop\\social\\backend\\src\\users\\users.service.ts": {"path":"C:\\Users\\Berhan\\Desktop\\social\\backend\\src\\users\\users.service.ts","statementMap":{"0":{"start":{"line":1,"column":0},"end":{"line":1,"column":63}},"1":{"start":{"line":2,"column":0},"end":{"line":2,"column":66}},"2":{"start":{"line":6,"column":7},"end":{"line":59,"column":null}},"3":{"start":{"line":7,"column":22},"end":{"line":7,"column":39}},"4":{"start":{"line":10,"column":17},"end":{"line":10,"column":60}},"5":{"start":{"line":12,"column":4},"end":{"line":14,"column":5}},"6":{"start":{"line":13,"column":6},"end":{"line":13,"column":52}},"7":{"start":{"line":16,"column":4},"end":{"line":23,"column":6}},"8":{"start":{"line":27,"column":17},"end":{"line":27,"column":60}},"9":{"start":{"line":29,"column":4},"end":{"line":31,"column":5}},"10":{"start":{"line":30,"column":6},"end":{"line":30,"column":52}},"11":{"start":{"line":33,"column":4},"end":{"line":43,"column":5}},"12":{"start":{"line":37,"column":27},"end":{"line":38,"column":null}},"13":{"start":{"line":40,"column":6},"end":{"line":42,"column":7}},"14":{"start":{"line":41,"column":8},"end":{"line":41,"column":50}},"15":{"start":{"line":45,"column":24},"end":{"line":48,"column":6}},"16":{"start":{"line":50,"column":4},"end":{"line":57,"column":6}},"17":{"start":{"line":6,"column":13},"end":{"line":6,"column":25}},"18":{"start":{"line":6,"column":13},"end":{"line":59,"column":null}}},"fnMap":{"0":{"name":"(anonymous_2)","decl":{"start":{"line":7,"column":2},"end":{"line":7,"column":22}},"loc":{"start":{"line":7,"column":54},"end":{"line":7,"column":58}}},"1":{"name":"(anonymous_3)","decl":{"start":{"line":9,"column":2},"end":{"line":9,"column":7}},"loc":{"start":{"line":9,"column":33},"end":{"line":24,"column":3}}},"2":{"name":"(anonymous_4)","decl":{"start":{"line":26,"column":2},"end":{"line":26,"column":7}},"loc":{"start":{"line":26,"column":72},"end":{"line":58,"column":3}}}},"branchMap":{"0":{"loc":{"start":{"line":12,"column":4},"end":{"line":14,"column":5}},"type":"if","locations":[{"start":{"line":12,"column":4},"end":{"line":14,"column":5}},{"start":{},"end":{}}]},"1":{"loc":{"start":{"line":29,"column":4},"end":{"line":31,"column":5}},"type":"if","locations":[{"start":{"line":29,"column":4},"end":{"line":31,"column":5}},{"start":{},"end":{}}]},"2":{"loc":{"start":{"line":33,"column":4},"end":{"line":43,"column":5}},"type":"if","locations":[{"start":{"line":33,"column":4},"end":{"line":43,"column":5}},{"start":{},"end":{}}]},"3":{"loc":{"start":{"line":34,"column":6},"end":{"line":35,"column":49}},"type":"binary-expr","locations":[{"start":{"line":34,"column":6},"end":{"line":34,"column":31}},{"start":{"line":35,"column":6},"end":{"line":35,"column":49}}]},"4":{"loc":{"start":{"line":40,"column":6},"end":{"line":42,"column":7}},"type":"if","locations":[{"start":{"line":40,"column":6},"end":{"line":42,"column":7}},{"start":{},"end":{}}]},"5":{"loc":{"start":{"line":7,"column":39},"end":{"line":7,"column":57}},"type":"cond-expr","locations":[{"start":{"line":7,"column":54},"end":{"line":7,"column":57}},{"start":{"line":7,"column":54},"end":{"line":7,"column":57}}]},"6":{"loc":{"start":{"line":7,"column":39},"end":{"line":7,"column":54}},"type":"binary-expr","locations":[{"start":{"line":7,"column":39},"end":{"line":7,"column":57}},{"start":{"line":7,"column":39},"end":{"line":7,"column":54}}]}},"s":{"0":1,"1":1,"2":1,"3":6,"4":2,"5":2,"6":1,"7":1,"8":4,"9":4,"10":1,"11":3,"12":2,"13":2,"14":1,"15":2,"16":2,"17":1,"18":1},"f":{"0":6,"1":2,"2":4},"b":{"0":[1,1],"1":[1,3],"2":[2,1],"3":[3,2],"4":[1,1],"5":[1,0],"6":[1,1]}}
,"C:\\Users\\Berhan\\Desktop\\social\\backend\\src\\users\\dto\\update-profile.dto.ts": {"path":"C:\\Users\\Berhan\\Desktop\\social\\backend\\src\\users\\dto\\update-profile.dto.ts","statementMap":{"0":{"start":{"line":1,"column":0},"end":{"line":1,"column":62}},"1":{"start":{"line":3,"column":0},"end":{"line":3,"column":13}},"2":{"start":{"line":6,"column":2},"end":{"line":6,"column":null}},"3":{"start":{"line":10,"column":2},"end":{"line":10,"column":null}}},"fnMap":{},"branchMap":{},"s":{"0":0,"1":0,"2":0,"3":0},"f":{},"b":{}}
,"C:\\Users\\Berhan\\Desktop\\social\\backend\\src\\users\\repositories\\users.repository.ts": {"path":"C:\\Users\\Berhan\\Desktop\\social\\backend\\src\\users\\repositories\\users.repository.ts","statementMap":{"0":{"start":{"line":1,"column":0},"end":{"line":1,"column":44}},"1":{"start":{"line":2,"column":0},"end":{"line":2,"column":60}},"2":{"start":{"line":6,"column":7},"end":{"line":33,"column":null}},"3":{"start":{"line":7,"column":22},"end":{"line":7,"column":37}},"4":{"start":{"line":10,"column":4},"end":{"line":12,"column":7}},"5":{"start":{"line":16,"column":4},"end":{"line":18,"column":7}},"6":{"start":{"line":22,"column":4},"end":{"line":24,"column":7}},"7":{"start":{"line":28,"column":4},"end":{"line":31,"column":7}},"8":{"start":{"line":6,"column":13},"end":{"line":6,"column":28}},"9":{"start":{"line":6,"column":13},"end":{"line":33,"column":null}}},"fnMap":{"0":{"name":"(anonymous_2)","decl":{"start":{"line":7,"column":2},"end":{"line":7,"column":22}},"loc":{"start":{"line":7,"column":50},"end":{"line":7,"column":54}}},"1":{"name":"(anonymous_3)","decl":{"start":{"line":9,"column":2},"end":{"line":9,"column":7}},"loc":{"start":{"line":9,"column":27},"end":{"line":13,"column":3}}},"2":{"name":"(anonymous_4)","decl":{"start":{"line":15,"column":2},"end":{"line":15,"column":7}},"loc":{"start":{"line":15,"column":33},"end":{"line":19,"column":3}}},"3":{"name":"(anonymous_5)","decl":{"start":{"line":21,"column":2},"end":{"line":21,"column":7}},"loc":{"start":{"line":21,"column":39},"end":{"line":25,"column":3}}},"4":{"name":"(anonymous_6)","decl":{"start":{"line":27,"column":2},"end":{"line":27,"column":7}},"loc":{"start":{"line":27,"column":56},"end":{"line":32,"column":3}}}},"branchMap":{"0":{"loc":{"start":{"line":7,"column":37},"end":{"line":7,"column":53}},"type":"cond-expr","locations":[{"start":{"line":7,"column":50},"end":{"line":7,"column":53}},{"start":{"line":7,"column":50},"end":{"line":7,"column":53}}]},"1":{"loc":{"start":{"line":7,"column":37},"end":{"line":7,"column":50}},"type":"binary-expr","locations":[{"start":{"line":7,"column":37},"end":{"line":7,"column":53}},{"start":{"line":7,"column":37},"end":{"line":7,"column":50}}]}},"s":{"0":1,"1":1,"2":1,"3":0,"4":0,"5":0,"6":0,"7":0,"8":1,"9":1},"f":{"0":0,"1":0,"2":0,"3":0,"4":0},"b":{"0":[1,0],"1":[1,1]}}
}
